#
# A fatal error has been detected by the Java Runtime Environment:
#
#  Internal Error (jvmciRuntime.cpp:1609), pid=21, tid=52
#  fatal error: Fatal exception in JVMCI: Error calling jdk.vm.ci.services.Services.serializeSavedProperties
#
# JRE version: OpenJDK Runtime Environment GraalVM CE 22.3.0 (17.0.5+8) (build 17.0.5+8-jvmci-22.3-b08)
# Java VM: OpenJDK 64-Bit Server VM GraalVM CE 22.3.0 (17.0.5+8-jvmci-22.3-b08, mixed mode, sharing, tiered, jvmci, jvmci compiler, compressed oops, compressed class ptrs, parallel gc, linux-amd64)
# Problematic frame:
# V  [libjvm.so+0x972714]  JVMCIRuntime::fatal_exception(JVMCIEnv*, char const*)+0x74
#
# Core dump will be written. Default location: Core dumps may be processed with "/usr/share/apport/apport -p%p -s%s -c%c -d%d -P%P -u%u -g%g -- %E" (or dumping to /home/runner/Determinant-Solver/core.21)
#
# If you would like to submit a bug report, please visit:
#   https://github.com/oracle/graal/issues
#

---------------  S U M M A R Y ------------

Command Line: -XX:ThreadPriorityPolicy=1 -XX:+UnlockExperimentalVMOptions -XX:+EnableJVMCIProduct -XX:JVMCIThreadsPerNativeLibraryRuntime=1 -XX:-UnlockExperimentalVMOptions -Declipse.application=org.eclipse.jdt.ls.core.id1 -Dosgi.bundles.defaultStartLevel=4 -Declipse.product=org.eclipse.jdt.ls.core.product -Dlog.level=ALL -Xverify:none -XX:+UseParallelGC -XX:GCTimeRatio=4 -XX:AdaptiveSizePolicyWeight=90 -Dsun.zip.disableMemoryMapping=true -Xmx512m -Xms100m /nix/store/a7s9klvriqi68xz3qjc0qyfl5h86xc16-jdt-language-server-1.9.0/share/java/plugins/org.eclipse.equinox.launcher_1.6.400.v20210924-0641.jar --add-modules=ALL-SYSTEM --add-opens java.base/java.util=ALL-UNNAMED --add-opens java.base/java.lang=ALL-UNNAMED -configuration /home/runner/.cache/jdt-language-server/config -data /home/runner/.cache/jdt-language-server/data/home/runner/Determinant-Solver

Host: Intel(R) Xeon(R) CPU @ 2.20GHz, 8 cores, 1G, Ubuntu 20.04.2 LTS
Time: Wed Sep 13 19:05:00 2023 UTC elapsed time: 1125.499939 seconds (0d 0h 18m 45s)

---------------  T H R E A D  ---------------

Current thread (0x00007f1ef00b1c40):  JavaThread "JVMCI-native CompilerThread0" daemon [_thread_in_vm, id=52, stack(0x00007f1ed471a000,0x00007f1ed491a000)]


Current CompileTask:
JVMCI-native:1125501 10608   !   4       org.eclipse.jdt.internal.compiler.parser.Scanner::getNextToken0 (3102 bytes)

Stack: [0x00007f1ed471a000,0x00007f1ed491a000],  sp=0x00007f1ed4918380,  free space=2040k
Native frames: (J=compiled Java code, j=interpreted, Vv=VM code, C=native code)
V  [libjvm.so+0x972714]  JVMCIRuntime::fatal_exception(JVMCIEnv*, char const*)+0x74
V  [libjvm.so+0x93e2fe]  JVMCIEnv::copy_saved_properties()+0x14e
V  [libjvm.so+0x9732a9]  JVMCIRuntime::initialize(JVMCIEnv*)+0xb19
V  [libjvm.so+0x9738a2]  JVMCIRuntime::get_HotSpotJVMCIRuntime(JVMCIEnv*)+0x12
V  [libjvm.so+0x9749f2]  JVMCIRuntime::compile_method(JVMCIEnv*, JVMCICompiler*, methodHandle const&, int)+0xd2
V  [libjvm.so+0x5b0d20]  CompileBroker::invoke_compiler_on_method(CompileTask*)+0x1470
V  [libjvm.so+0x5b12e8]  CompileBroker::compiler_thread_loop()+0x528
V  [libjvm.so+0xd82460]  JavaThread::thread_main_inner()+0xd0
V  [libjvm.so+0xd85a40]  Thread::call_run()+0xc0
V  [libjvm.so+0xbdb1e1]  thread_native_entry(Thread*)+0xe1

Register to memory mapping:

RAX=0x00007f1ef437f000 points into unknown readable memory: 0x0000000000000058 | 58 00 00 00 00 00 00 00
RBX=0x00007f1ef547a398: <offset 0x0000000000ef5398> in /nix/store/gpxl5qgg8kicmcvivwmybwjlpf7wh20l-graalvm17-ce-22.3.0/lib/server/libjvm.so at 0x00007f1ef4585000
RCX=0x00007f1ef54321e8: <offset 0x0000000000ead1e8> in /nix/store/gpxl5qgg8kicmcvivwmybwjlpf7wh20l-graalvm17-ce-22.3.0/lib/server/libjvm.so at 0x00007f1ef4585000
RDX=0x0000000000000649 is an unknown value
RSP=0x00007f1ed4918380 is pointing into the stack for thread: 0x00007f1ef00b1c40
RBP=0x00007f1ed49183a0 is pointing into the stack for thread: 0x00007f1ef00b1c40
RSI=0x00007f1ef547ac48: <offset 0x0000000000ef5c48> in /nix/store/gpxl5qgg8kicmcvivwmybwjlpf7wh20l-graalvm17-ce-22.3.0/lib/server/libjvm.so at 0x00007f1ef4585000
RDI=0x00000000e0000000 is an oop: [B 
{0x00000000e0000000} - klass: {type array byte}
 - length: 27
R8 =0x00007f1ef547a398: <offset 0x0000000000ef5398> in /nix/store/gpxl5qgg8kicmcvivwmybwjlpf7wh20l-graalvm17-ce-22.3.0/lib/server/libjvm.so at 0x00007f1ef4585000
R9 =0x00007f1ed4918330 is pointing into the stack for thread: 0x00007f1ef00b1c40
R10=0x00007f1ed4919948 is pointing into the stack for thread: 0x00007f1ef00b1c40
R11=0x0000000000000293 is an unknown value
R12=0x0 is NULL
R13=0x00007f1ef00b1c40 is a thread
R14=0x00007f1ef0000b80 points into unknown readable memory: 0x00007f1ef56aba38 | 38 ba 6a f5 1e 7f 00 00
R15=0x00007f1ef57b9e40: <offset 0x0000000001234e40> in /nix/store/gpxl5qgg8kicmcvivwmybwjlpf7wh20l-graalvm17-ce-22.3.0/lib/server/libjvm.so at 0x00007f1ef4585000


Registers:
RAX=0x00007f1ef437f000, RBX=0x00007f1ef547a398, RCX=0x00007f1ef54321e8, RDX=0x0000000000000649
RSP=0x00007f1ed4918380, RBP=0x00007f1ed49183a0, RSI=0x00007f1ef547ac48, RDI=0x00000000e0000000
R8 =0x00007f1ef547a398, R9 =0x00007f1ed4918330, R10=0x00007f1ed4919948, R11=0x0000000000000293
R12=0x0000000000000000, R13=0x00007f1ef00b1c40, R14=0x00007f1ef0000b80, R15=0x00007f1ef57b9e40
RIP=0x00007f1ef4ef7714, EFLAGS=0x0000000000010206, CSGSFS=0x002b000000000033, ERR=0x0000000000000006
  TRAPNO=0x000000000000000e

Top of Stack: (sp=0x00007f1ed4918380)
0x00007f1ed4918380:   00007f1ed4918940 00007f1ef00b1c40
0x00007f1ed4918390:   00007f1ed61ab8c8 0000000800c417a0
0x00007f1ed49183a0:   00007f1ed4918500 00007f1ef4ec32fe
0x00007f1ed49183b0:   00007f1ed49183e0 00007f1ed4918440 

Instructions: (pc=0x00007f1ef4ef7714)
0x00007f1ef4ef7614:   30 e8 f6 cf e8 ff 4c 89 e7 e8 2e 48 d1 ff 84 db
0x00007f1ef4ef7624:   75 2a 4d 85 ed 74 04 4d 8b 6d 00 48 83 c4 08 44
0x00007f1ef4ef7634:   89 f9 4c 89 f2 4c 89 ee 5b 4c 89 e7 41 5c 41 5d
0x00007f1ef4ef7644:   41 5e 41 5f 5d e9 e2 47 d1 ff 66 90 48 83 c4 08
0x00007f1ef4ef7654:   5b 41 5c 41 5d 41 5e 41 5f 5d c3 90 31 d2 be 08
0x00007f1ef4ef7664:   00 00 00 4c 89 ff e8 b1 78 a3 ff 49 89 c5 e9 37
0x00007f1ef4ef7674:   ff ff ff 66 0f 1f 84 00 00 00 00 00 48 8b 7a 08
0x00007f1ef4ef7684:   e9 6d ff ff ff 0f 1f 80 00 00 00 00 e8 5b 48 0a
0x00007f1ef4ef7694:   00 84 c0 75 89 e9 6a ff ff ff 66 90 55 48 89 e5
0x00007f1ef4ef76a4:   41 56 41 55 41 54 49 89 fc 53 48 89 f3 66 48 8d
0x00007f1ef4ef76b4:   3d 27 5e 85 00 66 66 48 e8 df 43 8d ff 4c 8b 28
0x00007f1ef4ef76c4:   8b 05 be 72 8a 00 85 c0 75 14 ba 01 00 00 00 48
0x00007f1ef4ef76d4:   8d 0d ae 72 8a 00 f0 0f b1 11 85 c0 74 4e be c8
0x00007f1ef4ef76e4:   00 00 00 4c 89 ef e8 01 0b 41 00 48 8d 05 12 ac
0x00007f1ef4ef76f4:   85 00 49 89 d8 48 8d 0d e8 aa 53 00 ba 49 06 00
0x00007f1ef4ef7704:   00 48 8d 35 3c 35 58 00 bf 00 00 00 e0 48 8b 00
0x00007f1ef4ef7714:   c6 00 58 31 c0 e8 e2 91 c6 ff 5b 41 5c 41 5d 41
0x00007f1ef4ef7724:   5e 5d e9 55 34 26 00 0f 1f 44 00 00 48 8d 05 81
0x00007f1ef4ef7734:   a3 8b 00 48 89 df 4c 8b 30 e8 9e 43 8d ff 48 89
0x00007f1ef4ef7744:   de 48 89 c2 49 8b 06 4c 89 f7 ff 50 08 4c 89 f7
0x00007f1ef4ef7754:   e8 a7 5c 27 00 4d 85 e4 74 12 be 01 00 00 00 4c
0x00007f1ef4ef7764:   89 e7 e8 35 43 fc ff eb 82 0f 1f 00 be 01 00 00
0x00007f1ef4ef7774:   00 4c 89 ef e8 d3 fd ff ff e9 6d ff ff ff 66 66
0x00007f1ef4ef7784:   2e 0f 1f 84 00 00 00 00 00 0f 1f 00 55 48 89 e5
0x00007f1ef4ef7794:   41 57 41 56 41 55 41 54 53 48 81 ec 08 02 00 00
0x00007f1ef4ef77a4:   64 48 8b 04 25 28 00 00 00 48 89 45 c8 8b 07 83
0x00007f1ef4ef77b4:   f8 02 0f 84 11 04 00 00 4c 8b 6f 18 49 89 ff 49
0x00007f1ef4ef77c4:   89 f4 4d 85 ed 74 14 4c 89 ef e8 5d 57 22 00 41
0x00007f1ef4ef77d4:   8b 07 83 f8 02 0f 84 19 04 00 00 48 8d 1d 9a 06
0x00007f1ef4ef77e4:   8a 00 4c 8d 35 0b 3c 58 00 eb 38 90 48 85 d2 7f
0x00007f1ef4ef77f4:   0d 48 8d 05 b4 c0 85 00 48 83 38 00 7e 0e 41 8b
0x00007f1ef4ef7804:   77 2c 4c 89 f7 31 c0 e8 a0 b2 f7 ff 49 8b 7f 18 


Stack slot to memory mapping:
stack at sp + 0 slots: 0x00007f1ed4918940 is pointing into the stack for thread: 0x00007f1ef00b1c40
stack at sp + 1 slots: 0x00007f1ef00b1c40 is a thread
stack at sp + 2 slots: 0x00007f1ed61ab8c8 points into unknown readable memory: 0x6573001880c9ffff | ff ff c9 80 18 00 73 65
stack at sp + 3 slots: 0x0000000800c417a0 is a pointer to class: 
jdk.vm.ci.services.Services {0x0000000800c417a0}
 - instance size:     2
 - klass size:        65
 - access:            public final synchronized 
 - state:             fully_initialized
 - name:              'jdk/vm/ci/services/Services'
 - super:             'java/lang/Object'
 - sub:               
 - arrays:            NULL
 - methods:           Array<T>(0x00007f1ed5040f08)
 - method ordering:   Array<T>(0x0000000800928960)
 - default_methods:   Array<T>(0x0000000000000000)
 - local interfaces:  Array<T>(0x00000008005ce810)
 - trans. interfaces: Array<T>(0x00000008005ce810)
 - constants:         constant pool [427] {0x00007f1ed503ffe8} for 'jdk/vm/ci/services/Services' cache=0x00007f1ed50421d8
 - class loader data:  loader data: 0x00007f1ef0027cc0 of 'bootstrap'
 - source file:       'Services.java'
 - class annotations:       Array<T>(0x0000000000000000)
 - class type annotations:  Array<T>(0x0000000000000000)
 - field annotations:       Array<T>(0x0000000000000000)
 - field type annotations:  Array<T>(0x0000000000000000)
 - inner classes:     Array<T>(0x00007f1ed50421a8)
 - nest members:     Array<T>(0x00007f1ed50421c8)
 - permitted subclasses:     Array<T>(0x00000008005ce7a0)
 - java mirror:       a 'java/lang/Class'{0x00000000e01d6270} = 'jdk/vm/ci/services/Services'
 - vtable length      5  (start addr: 0x0000000800c41970)
 - itable length      2 (start addr: 0x0000000800c41998)
 - ---- static fields (3 words):
 - public static final 'IS_BUILDING_NATIVE_IMAGE' 'Z' @128 
 - public static final 'IS_IN_NATIVE_IMAGE' 'Z' @129 
 - private static volatile 'savedProperties' 'Ljava/util/Map;' @112 
 - static final 'JVMCI_ENABLED' 'Z' @130 
 - private static final 'servicesCache' 'Ljava/util/Map;' @116 
 - private static final 'MAX_UNICODE_IN_UTF8_LENGTH' 'I' @120 
 - private static final 'MAX_UTF8_PROPERTY_STRING_LENGTH' 'I' @124 
 - ---- non-static fields (0 words):
 - non-static oop maps: 
stack at sp + 4 slots: 0x00007f1ed4918500 is pointing into the stack for thread: 0x00007f1ef00b1c40
stack at sp + 5 slots: 0x00007f1ef4ec32fe: <offset 0x000000000093e2fe> in /nix/store/gpxl5qgg8kicmcvivwmybwjlpf7wh20l-graalvm17-ce-22.3.0/lib/server/libjvm.so at 0x00007f1ef4585000
stack at sp + 6 slots: 0x00007f1ed49183e0 is pointing into the stack for thread: 0x00007f1ef00b1c40
stack at sp + 7 slots: 0x00007f1ed4918440 is pointing into the stack for thread: 0x00007f1ef00b1c40


---------------  P R O C E S S  ---------------

Threads class SMR info:
_java_thread_list=0x00007f1e5000ebc0, length=26, elements={
0x00007f1ef0025f60, 0x00007f1ef00a5f00, 0x00007f1ef00a7340, 0x00007f1ef00adab0,
0x00007f1ef00aee60, 0x00007f1ef00b0250, 0x00007f1ef00b1c40, 0x00007f1ef00b3150,
0x00007f1ef00b45a0, 0x00007f1ef00e77f0, 0x00007f1ef0130220, 0x00007f1ef0322d80,
0x00007f1ef03567b0, 0x00007f1ef0358780, 0x00007f1ef05f4010, 0x00007f1e84017010,
0x00007f1e842eab30, 0x00007f1e843450f0, 0x00007f1e740010d0, 0x00007f1e844c4e60,
0x00007f1e8462fd40, 0x00007f1ef0435640, 0x00007f1ef03d7040, 0x00007f1e50000ff0,
0x00007f1e5c304e80, 0x00007f1e740072a0
}

Java Threads: ( => current thread )
  0x00007f1ef0025f60 JavaThread "main" [_thread_blocked, id=42, stack(0x00007f1ef43a0000,0x00007f1ef44a0000)]
  0x00007f1ef00a5f00 JavaThread "Reference Handler" daemon [_thread_blocked, id=47, stack(0x00007f1ed5852000,0x00007f1ed5952000)]
  0x00007f1ef00a7340 JavaThread "Finalizer" daemon [_thread_blocked, id=48, stack(0x00007f1ed4f00000,0x00007f1ed5000000)]
  0x00007f1ef00adab0 JavaThread "Signal Dispatcher" daemon [_thread_blocked, id=49, stack(0x00007f1ed4b1a000,0x00007f1ed4c1a000)]
  0x00007f1ef00aee60 JavaThread "Service Thread" daemon [_thread_blocked, id=50, stack(0x00007f1ed4a1a000,0x00007f1ed4b1a000)]
  0x00007f1ef00b0250 JavaThread "Monitor Deflation Thread" daemon [_thread_blocked, id=51, stack(0x00007f1ed491a000,0x00007f1ed4a1a000)]
=>0x00007f1ef00b1c40 JavaThread "JVMCI-native CompilerThread0" daemon [_thread_in_vm, id=52, stack(0x00007f1ed471a000,0x00007f1ed491a000)]
  0x00007f1ef00b3150 JavaThread "C1 CompilerThread0" daemon [_thread_blocked, id=53, stack(0x00007f1ed451a000,0x00007f1ed471a000)]
  0x00007f1ef00b45a0 JavaThread "Sweeper thread" daemon [_thread_blocked, id=54, stack(0x00007f1ed441a000,0x00007f1ed451a000)]
  0x00007f1ef00e77f0 JavaThread "Common-Cleaner" daemon [_thread_blocked, id=55, stack(0x00007f1ed431a000,0x00007f1ed441a000)]
  0x00007f1ef0130220 JavaThread "Notification Thread" daemon [_thread_blocked, id=61, stack(0x00007f1ed421a000,0x00007f1ed431a000)]
  0x00007f1ef0322d80 JavaThread "Active Thread: Equinox Container: eb30adcd-050a-485c-80ae-392b310d99c8" [_thread_blocked, id=83, stack(0x00007f1e9c900000,0x00007f1e9ca00000)]
  0x00007f1ef03567b0 JavaThread "Framework Event Dispatcher: Equinox Container: eb30adcd-050a-485c-80ae-392b310d99c8" daemon [_thread_blocked, id=90, stack(0x00007f1e9c700000,0x00007f1e9c800000)]
  0x00007f1ef0358780 JavaThread "Start Level: Equinox Container: eb30adcd-050a-485c-80ae-392b310d99c8" daemon [_thread_blocked, id=92, stack(0x00007f1e9c500000,0x00007f1e9c600000)]
  0x00007f1ef05f4010 JavaThread "Refresh Thread: Equinox Container: eb30adcd-050a-485c-80ae-392b310d99c8" daemon [_thread_blocked, id=96, stack(0x00007f1e9c300000,0x00007f1e9c400000)]
  0x00007f1e84017010 JavaThread "SCR Component Actor" daemon [_thread_blocked, id=106, stack(0x00007f1e9c100000,0x00007f1e9c200000)]
  0x00007f1e842eab30 JavaThread "Worker-JM" [_thread_blocked, id=120, stack(0x00007f1e9bd00000,0x00007f1e9be00000)]
  0x00007f1e843450f0 JavaThread "Worker-0: Compacting resource model" [_thread_blocked, id=121, stack(0x00007f1e9bb00000,0x00007f1e9bc00000)]
  0x00007f1e740010d0 JavaThread "Worker-1: Publish Diagnostics" [_thread_blocked, id=124, stack(0x00007f1e9b900000,0x00007f1e9ba00000)]
  0x00007f1e844c4e60 JavaThread "Java indexing" daemon [_thread_blocked, id=131, stack(0x00007f1e9b700000,0x00007f1e9b800000)]
  0x00007f1e8462fd40 JavaThread "Bundle File Closer" daemon [_thread_blocked, id=134, stack(0x00007f1e9b500000,0x00007f1e9b600000)]
  0x00007f1ef0435640 JavaThread "pool-3-thread-1" [_thread_blocked, id=145, stack(0x00007f1e9bf00000,0x00007f1e9c000000)]
  0x00007f1ef03d7040 JavaThread "pool-2-thread-1" [_thread_blocked, id=155, stack(0x00007f1e9b100000,0x00007f1e9b200000)]
  0x00007f1e50000ff0 JavaThread "Worker-5: Java indexing... " [_thread_blocked, id=190, stack(0x00007f1e9ab00000,0x00007f1e9ac00000)]
  0x00007f1e5c304e80 JavaThread "Okio Watchdog" daemon [_thread_blocked, id=209, stack(0x00007f1e9a900000,0x00007f1e9aa00000)]
  0x00007f1e740072a0 JavaThread "Worker-7" [_thread_blocked, id=1380, stack(0x00007f1e9b300000,0x00007f1e9b400000)]

Other Threads:
  0x00007f1ef00a1640 VMThread "VM Thread" [stack: 0x00007f1ed5954000,0x00007f1ed5a54000] [id=46] _threads_hazard_ptr=0x00007f1e5000ebc0
  0x00007f1ef0131bc0 WatcherThread [stack: 0x00007f1ed411a000,0x00007f1ed421a000] [id=62]
  0x00007f1ef003d860 GCTaskThread "GC Thread#0" [stack: 0x00007f1ed73b3000,0x00007f1ed74b3000] [id=43]

Threads with active compile tasks:
JVMCI-native CompilerThread0  1125595 10608   !   4       org.eclipse.jdt.internal.compiler.parser.Scanner::getNextToken0 (3102 bytes)

VM state: synchronizing (normal execution)

VM Mutex/Monitor currently owned by a thread:  ([mutex/lock_event])
[0x00007f1ef0023110] Threads_lock - owner thread: 0x00007f1ef00a1640
[0x00007f1ef00238c0] Heap_lock - owner thread: 0x00007f1e740010d0

OutOfMemory and StackOverflow Exception counts:
OutOfMemoryError java_heap_errors=12
LinkageErrors=73

Heap address: 0x00000000e0000000, size: 512 MB, Compressed Oops mode: 32-bit

CDS archive(s) mapped at: [0x0000000800000000-0x0000000800bc8000-0x0000000800bc8000), size 12353536, SharedBaseAddress: 0x0000000800000000, ArchiveRelocationMode: 0.
Compressed class space mapped at: 0x0000000800c00000-0x0000000840c00000, reserved size: 1073741824
Narrow klass base: 0x0000000800000000, Narrow klass shift: 0, Narrow klass range: 0x100000000

GC Precious Log:
 CPUs: 8 total, 1 available
 Memory: 1024M
 Large Page Support: Disabled
 NUMA Support: Disabled
 Compressed Oops: Enabled (32-bit)
 Alignments: Space 512K, Generation 512K, Heap 2M
 Heap Min Capacity: 100M
 Heap Initial Capacity: 100M
 Heap Max Capacity: 512M
 Pre-touch: Disabled
 Parallel Workers: 1

Heap:
 PSYoungGen      total 46592K, used 30719K [0x00000000f5580000, 0x00000000f9400000, 0x0000000100000000)
  eden space 30720K, 99% used [0x00000000f5580000,0x00000000f737fff0,0x00000000f7380000)
  from space 15872K, 0% used [0x00000000f7380000,0x00000000f7380000,0x00000000f8300000)
  to   space 15360K, 0% used [0x00000000f8380000,0x00000000f8380000,0x00000000f9280000)
 ParOldGen       total 349696K, used 349694K [0x00000000e0000000, 0x00000000f5580000, 0x00000000f5580000)
  object space 349696K, 99% used [0x00000000e0000000,0x00000000f557f8e0,0x00000000f5580000)
 Metaspace       used 63766K, committed 64768K, reserved 1114112K
  class space    used 6225K, committed 6656K, reserved 1048576K

Card table byte_map: [0x00007f1ef4063000,0x00007f1ef4164000] _byte_map_base: 0x00007f1ef3963000

Marking Bits: (ParMarkBitMap*) 0x00007f1ef57b34c0
 Begin Bits: [0x00007f1ed6306000, 0x00007f1ed6b06000)
 End Bits:   [0x00007f1ed6b06000, 0x00007f1ed7306000)

Polling page: 0x00007f1ef437d000

Metaspace:

Usage:
  Non-class:     56.19 MB used.
      Class:      6.08 MB used.
       Both:     62.27 MB used.

Virtual space:
  Non-class space:       64.00 MB reserved,      56.75 MB ( 89%) committed,  8 nodes.
      Class space:        1.00 GB reserved,       6.50 MB ( <1%) committed,  1 nodes.
             Both:        1.06 GB reserved,      63.25 MB (  6%) committed. 

Chunk freelists:
   Non-Class:  2.74 MB
       Class:  1.56 MB
        Both:  4.30 MB

MaxMetaspaceSize: unlimited
CompressedClassSpaceSize: 1.00 GB
Initial GC threshold: 21.00 MB
Current GC threshold: 105.44 MB
CDS: on
MetaspaceReclaimPolicy: balanced
 - commit_granule_bytes: 65536.
 - commit_granule_words: 8192.
 - virtual_space_node_default_size: 1048576.
 - enlarge_chunks_in_place: 1.
 - new_chunks_are_fully_committed: 0.
 - uncommit_free_chunks: 1.
 - use_allocation_guard: 0.
 - handle_deallocations: 1.


Internal statistics:

num_allocs_failed_limit: 14.
num_arena_births: 520.
num_arena_deaths: 152.
num_vsnodes_births: 9.
num_vsnodes_deaths: 0.
num_space_committed: 1010.
num_space_uncommitted: 0.
num_chunks_returned_to_freelist: 223.
num_chunks_taken_from_freelist: 3041.
num_chunk_merges: 91.
num_chunk_splits: 1970.
num_chunks_enlarged: 1237.
num_purges: 10.
num_inconsistent_stats: 0.

CodeHeap 'non-profiled nmethods': size=120036Kb used=2675Kb max_used=2675Kb free=117360Kb
 bounds [0x00007f1edef7a000, 0x00007f1edf21a000, 0x00007f1ee64b3000]
CodeHeap 'profiled nmethods': size=120032Kb used=17706Kb max_used=17706Kb free=102325Kb
 bounds [0x00007f1ed7a42000, 0x00007f1ed8b92000, 0x00007f1edef7a000]
CodeHeap 'non-nmethods': size=5692Kb used=1397Kb max_used=1409Kb free=4295Kb
 bounds [0x00007f1ed74b3000, 0x00007f1ed7723000, 0x00007f1ed7a42000]
 total_blobs=8556 nmethods=7822 adapters=642
 compilation: enabled
              stopped_count=0, restarted_count=0
 full_count=0

JVMCI Events (20 events):
Event: 611.771 Thread 0x00007f1ef00b1c40 attached to JVMCI runtime 0
Event: 611.774 Thread 0x00007f1ef00b1c40 created JavaVM[2]@0x00007f1e99f9e340 for JVMCI runtime 0
Event: 614.406 Thread 0x00007f1ef00b1c40 initializing JVMCI runtime 0
Event: 614.406 Thread 0x00007f1ef00b1c40 done waiting for JavaVM references initialization in JVMCI runtime 0
Event: 761.645 Thread 0x00007f1ef00b1c40 initialized JVMCI runtime 0
Event: 785.431 Thread 0x00007f1ef00b1c40 compacted oop handles in JVMCI runtime 0 from 53 to 52
Event: 843.608 Thread 0x00007f1ef00b1c40 compacted oop handles in JVMCI runtime 0 from 58 to 56
Event: 888.390 Thread 0x00007f1ef00b1c40 compacted oop handles in JVMCI runtime 0 from 77 to 61
Event: 891.642 Thread 0x00007f1ef00b1c40 detaching from JVMCI runtime 0: releasing idle compiler thread (0 other threads still attached)
Event: 891.642 Thread 0x00007f1ef00b1c40 shutting down HotSpotJVMCIRuntime for JVMCI runtime 0
Event: 891.642 Thread 0x00007f1ef00b1c40 compacted oop handles in JVMCI runtime 0 from 61 to 49
Event: 891.642 Thread 0x00007f1ef00b1c40 shut down JVMCI runtime 0
Event: 891.647 Thread 0x00007f1ef00b1c40 destroyed JavaVM[2]@0x00007f1e99f9e340 for JVMCI runtime 0
Event: 891.647 Thread 0x00007f1ef00b1c40 compacted oop handles in JVMCI runtime 0 from 49 to 49
Event: 891.647 Thread 0x00007f1ef00b1c40 releasing handles for JVMCI runtime 0: oop handles=49, metadata handles={total=128, live=109, blocks=38}
Event: 891.647 Thread 0x00007f1ef00b1c40 detached from JVMCI runtime 0
Event: 1106.174 Thread 0x00007f1ef00b1c40 attached to JVMCI runtime 0
Event: 1106.177 Thread 0x00007f1ef00b1c40 created JavaVM[3]@0x00007f1e99f9e340 for JVMCI runtime 0
Event: 1108.782 Thread 0x00007f1ef00b1c40 initializing JVMCI runtime 0
Event: 1108.782 Thread 0x00007f1ef00b1c40 done waiting for JavaVM references initialization in JVMCI runtime 0

Compilation events (20 events):
Event: 476.267 Thread 0x00007f1ef00b3150 nmethod 10596 0x00007f1ed8b89d90 code [0x00007f1ed8b89f40, 0x00007f1ed8b8a080]
Event: 479.018 Thread 0x00007f1ef00b3150 10598       3       org.eclipse.jdt.internal.core.util.CommentRecorderParser::endParse (35 bytes)
Event: 479.018 Thread 0x00007f1ef00b3150 nmethod 10598 0x00007f1ed8b8a110 code [0x00007f1ed8b8a2e0, 0x00007f1ed8b8a700]
Event: 538.895 Thread 0x00007f1ef00b3150 10599  s    3       org.eclipse.jdt.internal.core.search.processing.JobManager::awaitingJobsCount (21 bytes)
Event: 541.487 Thread 0x00007f1ef00b3150 nmethod 10599 0x00007f1ed8b8a890 code [0x00007f1ed8b8aa40, 0x00007f1ed8b8ae60]
Event: 611.771 Thread 0x00007f1ef00b1c40 10600       4       org.eclipse.jdt.internal.compiler.parser.diagnose.LexStream::token (110 bytes)
Event: 687.621 Thread 0x00007f1ef00b3150 10603       1       org.eclipse.osgi.internal.framework.EquinoxContainer::getStorage (5 bytes)
Event: 687.621 Thread 0x00007f1ef00b3150 nmethod 10603 0x00007f1edf212a90 code [0x00007f1edf212c20, 0x00007f1edf212cf0]
Event: 785.431 Thread 0x00007f1ef00b1c40 nmethod 10600 0x00007f1edf212d90 code [0x00007f1edf212f20, 0x00007f1edf2130f0]
Event: 785.431 Thread 0x00007f1ef00b1c40 10604       4       org.eclipse.jdt.internal.compiler.parser.diagnose.DiagnoseParser::parseCheck (952 bytes)
Event: 843.608 Thread 0x00007f1ef00b1c40 nmethod 10604 0x00007f1edf213310 code [0x00007f1edf213520, 0x00007f1edf214740]
Event: 843.611 Thread 0x00007f1ef00b1c40 10601 %     4       org.eclipse.jdt.internal.compiler.parser.diagnose.DiagnoseParser::misspell @ 31 (554 bytes)
Event: 888.390 Thread 0x00007f1ef00b1c40 nmethod 10601% 0x00007f1edf215510 code [0x00007f1edf2156e0, 0x00007f1edf2166f0]
Event: 1024.688 Thread 0x00007f1ef00b3150 10605       3       java.util.concurrent.ThreadPoolExecutor::isShutdown (12 bytes)
Event: 1024.688 Thread 0x00007f1ef00b3150 nmethod 10605 0x00007f1ed8b8af90 code [0x00007f1ed8b8b140, 0x00007f1ed8b8b330]
Event: 1050.614 Thread 0x00007f1ef00b3150 10606       3       java.util.concurrent.ScheduledThreadPoolExecutor::canRunInCurrentRunState (61 bytes)
Event: 1055.683 Thread 0x00007f1ef00b3150 nmethod 10606 0x00007f1ed8b8b410 code [0x00007f1ed8b8b620, 0x00007f1ed8b8c0c0]
Event: 1103.592 Thread 0x00007f1ef00b3150 10607       3       org.eclipse.jdt.internal.compiler.parser.Parser::consumeExpressionStatement (53 bytes)
Event: 1103.592 Thread 0x00007f1ef00b3150 nmethod 10607 0x00007f1ed8b8c310 code [0x00007f1ed8b8c4c0, 0x00007f1ed8b8c820]
Event: 1106.174 Thread 0x00007f1ef00b1c40 10608   !   4       org.eclipse.jdt.internal.compiler.parser.Scanner::getNextToken0 (3102 bytes)

GC Heap History (20 events):
Event: 1100.997 GC heap before
{Heap before GC invocations=507 (full 385):
 PSYoungGen      total 46592K, used 30720K [0x00000000f5580000, 0x00000000f9400000, 0x0000000100000000)
  eden space 30720K, 100% used [0x00000000f5580000,0x00000000f7380000,0x00000000f7380000)
  from space 15872K, 0% used [0x00000000f7380000,0x00000000f7380000,0x00000000f8300000)
  to   space 15360K, 0% used [0x00000000f8380000,0x00000000f8380000,0x00000000f9280000)
 ParOldGen       total 349696K, used 349690K [0x00000000e0000000, 0x00000000f5580000, 0x00000000f5580000)
  object space 349696K, 99% used [0x00000000e0000000,0x00000000f557e880,0x00000000f5580000)
 Metaspace       used 63766K, committed 64768K, reserved 1114112K
  class space    used 6225K, committed 6656K, reserved 1048576K
}
Event: 1103.592 GC heap after
{Heap after GC invocations=507 (full 385):
 PSYoungGen      total 46080K, used 30719K [0x00000000f5580000, 0x00000000f9400000, 0x0000000100000000)
  eden space 30720K, 99% used [0x00000000f5580000,0x00000000f737fe60,0x00000000f7380000)
  from space 15360K, 0% used [0x00000000f8380000,0x00000000f8380000,0x00000000f9280000)
  to   space 15872K, 0% used [0x00000000f7380000,0x00000000f7380000,0x00000000f8300000)
 ParOldGen       total 349696K, used 349689K [0x00000000e0000000, 0x00000000f5580000, 0x00000000f5580000)
  object space 349696K, 99% used [0x00000000e0000000,0x00000000f557e7d8,0x00000000f5580000)
 Metaspace       used 63766K, committed 64768K, reserved 1114112K
  class space    used 6225K, committed 6656K, reserved 1048576K
}
Event: 1103.593 GC heap before
{Heap before GC invocations=508 (full 386):
 PSYoungGen      total 46080K, used 30720K [0x00000000f5580000, 0x00000000f9400000, 0x0000000100000000)
  eden space 30720K, 100% used [0x00000000f5580000,0x00000000f7380000,0x00000000f7380000)
  from space 15360K, 0% used [0x00000000f8380000,0x00000000f8380000,0x00000000f9280000)
  to   space 15872K, 0% used [0x00000000f7380000,0x00000000f7380000,0x00000000f8300000)
 ParOldGen       total 349696K, used 349689K [0x00000000e0000000, 0x00000000f5580000, 0x00000000f5580000)
  object space 349696K, 99% used [0x00000000e0000000,0x00000000f557e7d8,0x00000000f5580000)
 Metaspace       used 63766K, committed 64768K, reserved 1114112K
  class space    used 6225K, committed 6656K, reserved 1048576K
}
Event: 1106.173 GC heap after
{Heap after GC invocations=508 (full 386):
 PSYoungGen      total 46592K, used 30720K [0x00000000f5580000, 0x00000000f9400000, 0x0000000100000000)
  eden space 30720K, 100% used [0x00000000f5580000,0x00000000f7380000,0x00000000f7380000)
  from space 15872K, 0% used [0x00000000f7380000,0x00000000f7380000,0x00000000f8300000)
  to   space 15360K, 0% used [0x00000000f8380000,0x00000000f8380000,0x00000000f9280000)
 ParOldGen       total 349696K, used 349689K [0x00000000e0000000, 0x00000000f5580000, 0x00000000f5580000)
  object space 349696K, 99% used [0x00000000e0000000,0x00000000f557e7d8,0x00000000f5580000)
 Metaspace       used 63766K, committed 64768K, reserved 1114112K
  class space    used 6225K, committed 6656K, reserved 1048576K
}
Event: 1106.179 GC heap before
{Heap before GC invocations=509 (full 387):
 PSYoungGen      total 46592K, used 30720K [0x00000000f5580000, 0x00000000f9400000, 0x0000000100000000)
  eden space 30720K, 100% used [0x00000000f5580000,0x00000000f7380000,0x00000000f7380000)
  from space 15872K, 0% used [0x00000000f7380000,0x00000000f7380000,0x00000000f8300000)
  to   space 15360K, 0% used [0x00000000f8380000,0x00000000f8380000,0x00000000f9280000)
 ParOldGen       total 349696K, used 349693K [0x00000000e0000000, 0x00000000f5580000, 0x00000000f5580000)
  object space 349696K, 99% used [0x00000000e0000000,0x00000000f557f590,0x00000000f5580000)
 Metaspace       used 63766K, committed 64768K, reserved 1114112K
  class space    used 6225K, committed 6656K, reserved 1048576K
}
Event: 1108.782 GC heap after
{Heap after GC invocations=509 (full 387):
 PSYoungGen      total 46080K, used 30719K [0x00000000f5580000, 0x00000000f9400000, 0x0000000100000000)
  eden space 30720K, 99% used [0x00000000f5580000,0x00000000f737fe48,0x00000000f7380000)
  from space 15360K, 0% used [0x00000000f8380000,0x00000000f8380000,0x00000000f9280000)
  to   space 15872K, 0% used [0x00000000f7380000,0x00000000f7380000,0x00000000f8300000)
 ParOldGen       total 349696K, used 349692K [0x00000000e0000000, 0x00000000f5580000, 0x00000000f5580000)
  object space 349696K, 99% used [0x00000000e0000000,0x00000000f557f3e8,0x00000000f5580000)
 Metaspace       used 63766K, committed 64768K, reserved 1114112K
  class space    used 6225K, committed 6656K, reserved 1048576K
}
Event: 1108.784 GC heap before
{Heap before GC invocations=510 (full 388):
 PSYoungGen      total 46080K, used 30720K [0x00000000f5580000, 0x00000000f9400000, 0x0000000100000000)
  eden space 30720K, 100% used [0x00000000f5580000,0x00000000f7380000,0x00000000f7380000)
  from space 15360K, 0% used [0x00000000f8380000,0x00000000f8380000,0x00000000f9280000)
  to   space 15872K, 0% used [0x00000000f7380000,0x00000000f7380000,0x00000000f8300000)
 ParOldGen       total 349696K, used 349692K [0x00000000e0000000, 0x00000000f5580000, 0x00000000f5580000)
  object space 349696K, 99% used [0x00000000e0000000,0x00000000f557f3e8,0x00000000f5580000)
 Metaspace       used 63766K, committed 64768K, reserved 1114112K
  class space    used 6225K, committed 6656K, reserved 1048576K
}
Event: 1111.112 GC heap after
{Heap after GC invocations=510 (full 388):
 PSYoungGen      total 46592K, used 30719K [0x00000000f5580000, 0x00000000f9400000, 0x0000000100000000)
  eden space 30720K, 99% used [0x00000000f5580000,0x00000000f737fea0,0x00000000f7380000)
  from space 15872K, 0% used [0x00000000f7380000,0x00000000f7380000,0x00000000f8300000)
  to   space 15360K, 0% used [0x00000000f8380000,0x00000000f8380000,0x00000000f9280000)
 ParOldGen       total 349696K, used 349692K [0x00000000e0000000, 0x00000000f5580000, 0x00000000f5580000)
  object space 349696K, 99% used [0x00000000e0000000,0x00000000f557f3e8,0x00000000f5580000)
 Metaspace       used 63766K, committed 64768K, reserved 1114112K
  class space    used 6225K, committed 6656K, reserved 1048576K
}
Event: 1111.114 GC heap before
{Heap before GC invocations=511 (full 389):
 PSYoungGen      total 46592K, used 30719K [0x00000000f5580000, 0x00000000f9400000, 0x0000000100000000)
  eden space 30720K, 99% used [0x00000000f5580000,0x00000000f737ffd0,0x00000000f7380000)
  from space 15872K, 0% used [0x00000000f7380000,0x00000000f7380000,0x00000000f8300000)
  to   space 15360K, 0% used [0x00000000f8380000,0x00000000f8380000,0x00000000f9280000)
 ParOldGen       total 349696K, used 349692K [0x00000000e0000000, 0x00000000f5580000, 0x00000000f5580000)
  object space 349696K, 99% used [0x00000000e0000000,0x00000000f557f3e8,0x00000000f5580000)
 Metaspace       used 63766K, committed 64768K, reserved 1114112K
  class space    used 6225K, committed 6656K, reserved 1048576K
}
Event: 1113.411 GC heap after
{Heap after GC invocations=511 (full 389):
 PSYoungGen      total 46080K, used 30719K [0x00000000f5580000, 0x00000000f9400000, 0x0000000100000000)
  eden space 30720K, 99% used [0x00000000f5580000,0x00000000f737ffb0,0x00000000f7380000)
  from space 15360K, 0% used [0x00000000f8380000,0x00000000f8380000,0x00000000f9280000)
  to   space 15872K, 0% used [0x00000000f7380000,0x00000000f7380000,0x00000000f8300000)
 ParOldGen       total 349696K, used 349692K [0x00000000e0000000, 0x00000000f5580000, 0x00000000f5580000)
  object space 349696K, 99% used [0x00000000e0000000,0x00000000f557f3e8,0x00000000f5580000)
 Metaspace       used 63766K, committed 64768K, reserved 1114112K
  class space    used 6225K, committed 6656K, reserved 1048576K
}
Event: 1113.411 GC heap before
{Heap before GC invocations=512 (full 390):
 PSYoungGen      total 46080K, used 30719K [0x00000000f5580000, 0x00000000f9400000, 0x0000000100000000)
  eden space 30720K, 99% used [0x00000000f5580000,0x00000000f737fff0,0x00000000f7380000)
  from space 15360K, 0% used [0x00000000f8380000,0x00000000f8380000,0x00000000f9280000)
  to   space 15872K, 0% used [0x00000000f7380000,0x00000000f7380000,0x00000000f8300000)
 ParOldGen       total 349696K, used 349692K [0x00000000e0000000, 0x00000000f5580000, 0x00000000f5580000)
  object space 349696K, 99% used [0x00000000e0000000,0x00000000f557f3e8,0x00000000f5580000)
 Metaspace       used 63766K, committed 64768K, reserved 1114112K
  class space    used 6225K, committed 6656K, reserved 1048576K
}
Event: 1115.701 GC heap after
{Heap after GC invocations=512 (full 390):
 PSYoungGen      total 46592K, used 30719K [0x00000000f5580000, 0x00000000f9400000, 0x0000000100000000)
  eden space 30720K, 99% used [0x00000000f5580000,0x00000000f737fff0,0x00000000f7380000)
  from space 15872K, 0% used [0x00000000f7380000,0x00000000f7380000,0x00000000f8300000)
  to   space 15360K, 0% used [0x00000000f8380000,0x00000000f8380000,0x00000000f9280000)
 ParOldGen       total 349696K, used 349692K [0x00000000e0000000, 0x00000000f5580000, 0x00000000f5580000)
  object space 349696K, 99% used [0x00000000e0000000,0x00000000f557f3e8,0x00000000f5580000)
 Metaspace       used 63766K, committed 64768K, reserved 1114112K
  class space    used 6225K, committed 6656K, reserved 1048576K
}
Event: 1115.705 GC heap before
{Heap before GC invocations=513 (full 391):
 PSYoungGen      total 46592K, used 30720K [0x00000000f5580000, 0x00000000f9400000, 0x0000000100000000)
  eden space 30720K, 100% used [0x00000000f5580000,0x00000000f7380000,0x00000000f7380000)
  from space 15872K, 0% used [0x00000000f7380000,0x00000000f7380000,0x00000000f8300000)
  to   space 15360K, 0% used [0x00000000f8380000,0x00000000f8380000,0x00000000f9280000)
 ParOldGen       total 349696K, used 349694K [0x00000000e0000000, 0x00000000f5580000, 0x00000000f5580000)
  object space 349696K, 99% used [0x00000000e0000000,0x00000000f557fae8,0x00000000f5580000)
 Metaspace       used 63766K, committed 64768K, reserved 1114112K
  class space    used 6225K, committed 6656K, reserved 1048576K
}
Event: 1118.086 GC heap after
{Heap after GC invocations=513 (full 391):
 PSYoungGen      total 46080K, used 30719K [0x00000000f5580000, 0x00000000f9400000, 0x0000000100000000)
  eden space 30720K, 99% used [0x00000000f5580000,0x00000000f737fff0,0x00000000f7380000)
  from space 15360K, 0% used [0x00000000f8380000,0x00000000f8380000,0x00000000f9280000)
  to   space 15872K, 0% used [0x00000000f7380000,0x00000000f7380000,0x00000000f8300000)
 ParOldGen       total 349696K, used 349693K [0x00000000e0000000, 0x00000000f5580000, 0x00000000f5580000)
  object space 349696K, 99% used [0x00000000e0000000,0x00000000f557f7f8,0x00000000f5580000)
 Metaspace       used 63766K, committed 64768K, reserved 1114112K
  class space    used 6225K, committed 6656K, reserved 1048576K
}
Event: 1118.087 GC heap before
{Heap before GC invocations=514 (full 392):
 PSYoungGen      total 46080K, used 30719K [0x00000000f5580000, 0x00000000f9400000, 0x0000000100000000)
  eden space 30720K, 99% used [0x00000000f5580000,0x00000000f737fff0,0x00000000f7380000)
  from space 15360K, 0% used [0x00000000f8380000,0x00000000f8380000,0x00000000f9280000)
  to   space 15872K, 0% used [0x00000000f7380000,0x00000000f7380000,0x00000000f8300000)
 ParOldGen       total 349696K, used 349693K [0x00000000e0000000, 0x00000000f5580000, 0x00000000f5580000)
  object space 349696K, 99% used [0x00000000e0000000,0x00000000f557f7f8,0x00000000f5580000)
 Metaspace       used 63766K, committed 64768K, reserved 1114112K
  class space    used 6225K, committed 6656K, reserved 1048576K
}
Event: 1120.486 GC heap after
{Heap after GC invocations=514 (full 392):
 PSYoungGen      total 46592K, used 30719K [0x00000000f5580000, 0x00000000f9400000, 0x0000000100000000)
  eden space 30720K, 99% used [0x00000000f5580000,0x00000000f737fff0,0x00000000f7380000)
  from space 15872K, 0% used [0x00000000f7380000,0x00000000f7380000,0x00000000f8300000)
  to   space 15360K, 0% used [0x00000000f8380000,0x00000000f8380000,0x00000000f9280000)
 ParOldGen       total 349696K, used 349693K [0x00000000e0000000, 0x00000000f5580000, 0x00000000f5580000)
  object space 349696K, 99% used [0x00000000e0000000,0x00000000f557f7f8,0x00000000f5580000)
 Metaspace       used 63766K, committed 64768K, reserved 1114112K
  class space    used 6225K, committed 6656K, reserved 1048576K
}
Event: 1120.490 GC heap before
{Heap before GC invocations=515 (full 393):
 PSYoungGen      total 46592K, used 30719K [0x00000000f5580000, 0x00000000f9400000, 0x0000000100000000)
  eden space 30720K, 99% used [0x00000000f5580000,0x00000000f737fff0,0x00000000f7380000)
  from space 15872K, 0% used [0x00000000f7380000,0x00000000f7380000,0x00000000f8300000)
  to   space 15360K, 0% used [0x00000000f8380000,0x00000000f8380000,0x00000000f9280000)
 ParOldGen       total 349696K, used 349693K [0x00000000e0000000, 0x00000000f5580000, 0x00000000f5580000)
  object space 349696K, 99% used [0x00000000e0000000,0x00000000f557f7f8,0x00000000f5580000)
 Metaspace       used 63766K, committed 64768K, reserved 1114112K
  class space    used 6225K, committed 6656K, reserved 1048576K
}
Event: 1122.992 GC heap after
{Heap after GC invocations=515 (full 393):
 PSYoungGen      total 46080K, used 30719K [0x00000000f5580000, 0x00000000f9400000, 0x0000000100000000)
  eden space 30720K, 99% used [0x00000000f5580000,0x00000000f737fff0,0x00000000f7380000)
  from space 15360K, 0% used [0x00000000f8380000,0x00000000f8380000,0x00000000f9280000)
  to   space 15872K, 0% used [0x00000000f7380000,0x00000000f7380000,0x00000000f8300000)
 ParOldGen       total 349696K, used 349693K [0x00000000e0000000, 0x00000000f5580000, 0x00000000f5580000)
  object space 349696K, 99% used [0x00000000e0000000,0x00000000f557f7f8,0x00000000f5580000)
 Metaspace       used 63766K, committed 64768K, reserved 1114112K
  class space    used 6225K, committed 6656K, reserved 1048576K
}
Event: 1122.992 GC heap before
{Heap before GC invocations=516 (full 394):
 PSYoungGen      total 46080K, used 30719K [0x00000000f5580000, 0x00000000f9400000, 0x0000000100000000)
  eden space 30720K, 99% used [0x00000000f5580000,0x00000000f737fff0,0x00000000f7380000)
  from space 15360K, 0% used [0x00000000f8380000,0x00000000f8380000,0x00000000f9280000)
  to   space 15872K, 0% used [0x00000000f7380000,0x00000000f7380000,0x00000000f8300000)
 ParOldGen       total 349696K, used 349693K [0x00000000e0000000, 0x00000000f5580000, 0x00000000f5580000)
  object space 349696K, 99% used [0x00000000e0000000,0x00000000f557f7f8,0x00000000f5580000)
 Metaspace       used 63766K, committed 64768K, reserved 1114112K
  class space    used 6225K, committed 6656K, reserved 1048576K
}
Event: 1125.400 GC heap after
{Heap after GC invocations=516 (full 394):
 PSYoungGen      total 46592K, used 30719K [0x00000000f5580000, 0x00000000f9400000, 0x0000000100000000)
  eden space 30720K, 99% used [0x00000000f5580000,0x00000000f737fff0,0x00000000f7380000)
  from space 15872K, 0% used [0x00000000f7380000,0x00000000f7380000,0x00000000f8300000)
  to   space 15360K, 0% used [0x00000000f8380000,0x00000000f8380000,0x00000000f9280000)
 ParOldGen       total 349696K, used 349693K [0x00000000e0000000, 0x00000000f5580000, 0x00000000f5580000)
  object space 349696K, 99% used [0x00000000e0000000,0x00000000f557f7f8,0x00000000f5580000)
 Metaspace       used 63766K, committed 64768K, reserved 1114112K
  class space    used 6225K, committed 6656K, reserved 1048576K
}

Dll operation events (9 events):
Event: 0.004 Loaded shared library /nix/store/gpxl5qgg8kicmcvivwmybwjlpf7wh20l-graalvm17-ce-22.3.0/lib/libjava.so
Event: 0.089 Loaded shared library /nix/store/gpxl5qgg8kicmcvivwmybwjlpf7wh20l-graalvm17-ce-22.3.0/lib/libjsvml.so
Event: 0.535 Loaded shared library /nix/store/gpxl5qgg8kicmcvivwmybwjlpf7wh20l-graalvm17-ce-22.3.0/lib/libnio.so
Event: 0.570 Loaded shared library /nix/store/gpxl5qgg8kicmcvivwmybwjlpf7wh20l-graalvm17-ce-22.3.0/lib/libzip.so
Event: 0.579 Loaded shared library /nix/store/gpxl5qgg8kicmcvivwmybwjlpf7wh20l-graalvm17-ce-22.3.0/lib/libjvmcicompiler.so
Event: 1.011 Loaded shared library /nix/store/gpxl5qgg8kicmcvivwmybwjlpf7wh20l-graalvm17-ce-22.3.0/lib/libjimage.so
Event: 1.771 Loaded shared library /nix/store/gpxl5qgg8kicmcvivwmybwjlpf7wh20l-graalvm17-ce-22.3.0/lib/libnet.so
Event: 6.984 Loaded shared library /home/runner/.cache/jdt-language-server/config/org.eclipse.equinox.launcher/org.eclipse.equinox.launcher.gtk.linux.x86_64_1.2.400.v20211117-0650/eclipse_11600.so
Event: 19.668 Loaded shared library /nix/store/gpxl5qgg8kicmcvivwmybwjlpf7wh20l-graalvm17-ce-22.3.0/lib/libextnet.so

Deoptimization events (20 events):
Event: 1033.894 Thread 0x00007f1e50000ff0 Uncommon trap: trap_request=0xffffff8f fr.pc=0x00007f1edf1fb971 relative=0x0000000000000531
Event: 1033.894 Thread 0x00007f1e50000ff0 Uncommon trap: reason=constraint action=none pc=0x00007f1edf1fb971 method=java.lang.AbstractStringBuilder.append(Ljava/lang/String;)Ljava/lang/AbstractStringBuilder; @ 0 jvmci
Event: 1033.894 Thread 0x00007f1e50000ff0 DEOPT PACKING pc=0x00007f1edf1fb971 sp=0x00007f1e9abfe560
Event: 1033.894 Thread 0x00007f1e50000ff0 DEOPT UNPACKING pc=0x00007f1ed7505325 sp=0x00007f1e9abfda10 mode 3
Event: 1038.415 Thread 0x00007f1e50000ff0 Uncommon trap: trap_request=0xffffff8f fr.pc=0x00007f1edef9a291 relative=0x00000000000002f1
Event: 1038.415 Thread 0x00007f1e50000ff0 Uncommon trap: reason=constraint action=none pc=0x00007f1edef9a291 method=java.lang.AbstractStringBuilder.newCapacity(I)I @ 32 jvmci
Event: 1038.415 Thread 0x00007f1e50000ff0 DEOPT PACKING pc=0x00007f1edef9a291 sp=0x00007f1e9abfe4e0
Event: 1038.415 Thread 0x00007f1e50000ff0 DEOPT UNPACKING pc=0x00007f1ed7505325 sp=0x00007f1e9abfd8f0 mode 3
Event: 1050.614 Thread 0x00007f1e740010d0 Uncommon trap: trap_request=0xffffff8f fr.pc=0x00007f1edf1c40b5 relative=0x0000000000000395
Event: 1050.614 Thread 0x00007f1e740010d0 Uncommon trap: reason=constraint action=none pc=0x00007f1edf1c40b5 method=java.lang.String.<init>([C)V @ 0 jvmci
Event: 1050.614 Thread 0x00007f1e740010d0 DEOPT PACKING pc=0x00007f1edf1c40b5 sp=0x00007f1e9b9fd4f0
Event: 1050.614 Thread 0x00007f1e740010d0 DEOPT UNPACKING pc=0x00007f1ed7505325 sp=0x00007f1e9b9fc9a8 mode 3
Event: 1084.096 Thread 0x00007f1e844c4e60 Uncommon trap: trap_request=0xffffff8f fr.pc=0x00007f1edf1df994 relative=0x0000000000000274
Event: 1084.096 Thread 0x00007f1e844c4e60 Uncommon trap: reason=constraint action=none pc=0x00007f1edf1df994 method=org.eclipse.jdt.internal.core.index.DiskIndex$IntList.add(I)V @ 0 jvmci
Event: 1084.096 Thread 0x00007f1e844c4e60 DEOPT PACKING pc=0x00007f1edf1df994 sp=0x00007f1e9b7fe500
Event: 1084.096 Thread 0x00007f1e844c4e60 DEOPT UNPACKING pc=0x00007f1ed7505325 sp=0x00007f1e9b7fd9a0 mode 3
Event: 1120.486 Thread 0x00007f1ef00b1c40 Uncommon trap: trap_request=0xffffff8f fr.pc=0x00007f1edf044b1b relative=0x000000000000017b
Event: 1120.486 Thread 0x00007f1ef00b1c40 Uncommon trap: reason=constraint action=none pc=0x00007f1edf044b1b method=java.io.ByteArrayOutputStream.<init>(I)V @ 0 jvmci
Event: 1120.486 Thread 0x00007f1ef00b1c40 DEOPT PACKING pc=0x00007f1edf044b1b sp=0x00007f1ed4918020
Event: 1120.486 Thread 0x00007f1ef00b1c40 DEOPT UNPACKING pc=0x00007f1ed7505325 sp=0x00007f1ed49174c8 mode 3

Classes unloaded (20 events):
Event: 191.282 Thread 0x00007f1ef00a1640 Unloading class 0x0000000801108c00 'jdk/internal/reflect/GeneratedConstructorAccessor36'
Event: 191.282 Thread 0x00007f1ef00a1640 Unloading class 0x00000008010ecc00 'jdk/internal/reflect/GeneratedMethodAccessor10'
Event: 191.282 Thread 0x00007f1ef00a1640 Unloading class 0x00000008010ec800 'jdk/internal/reflect/GeneratedMethodAccessor9'
Event: 191.282 Thread 0x00007f1ef00a1640 Unloading class 0x00000008010ec400 'jdk/internal/reflect/GeneratedMethodAccessor8'
Event: 191.282 Thread 0x00007f1ef00a1640 Unloading class 0x00000008010ec000 'jdk/internal/reflect/GeneratedMethodAccessor7'
Event: 191.282 Thread 0x00007f1ef00a1640 Unloading class 0x00000008010ca000 'jdk/internal/reflect/GeneratedSerializationConstructorAccessor3'
Event: 191.282 Thread 0x00007f1ef00a1640 Unloading class 0x0000000801092400 'jdk/internal/reflect/GeneratedSerializationConstructorAccessor2'
Event: 191.282 Thread 0x00007f1ef00a1640 Unloading class 0x0000000801092000 'jdk/internal/reflect/GeneratedSerializationConstructorAccessor1'
Event: 191.282 Thread 0x00007f1ef00a1640 Unloading class 0x0000000801059000 'java/lang/invoke/LambdaForm$MH+0x0000000801059000'
Event: 191.282 Thread 0x00007f1ef00a1640 Unloading class 0x0000000801058c00 'java/lang/invoke/LambdaForm$MH+0x0000000801058c00'
Event: 191.282 Thread 0x00007f1ef00a1640 Unloading class 0x0000000801058800 'java/lang/invoke/LambdaForm$MH+0x0000000801058800'
Event: 191.282 Thread 0x00007f1ef00a1640 Unloading class 0x0000000801058400 'java/lang/invoke/LambdaForm$MH+0x0000000801058400'
Event: 191.282 Thread 0x00007f1ef00a1640 Unloading class 0x0000000801058000 'java/lang/invoke/LambdaForm$MH+0x0000000801058000'
Event: 191.282 Thread 0x00007f1ef00a1640 Unloading class 0x0000000801052400 'java/lang/invoke/LambdaForm$MH+0x0000000801052400'
Event: 191.282 Thread 0x00007f1ef00a1640 Unloading class 0x0000000800ef9000 'jdk/internal/reflect/GeneratedConstructorAccessor12'
Event: 191.282 Thread 0x00007f1ef00a1640 Unloading class 0x0000000800ef8800 'jdk/internal/reflect/GeneratedConstructorAccessor10'
Event: 191.282 Thread 0x00007f1ef00a1640 Unloading class 0x0000000800ef8400 'jdk/internal/reflect/GeneratedConstructorAccessor9'
Event: 191.282 Thread 0x00007f1ef00a1640 Unloading class 0x0000000800ef8000 'jdk/internal/reflect/GeneratedConstructorAccessor8'
Event: 191.282 Thread 0x00007f1ef00a1640 Unloading class 0x0000000800d98400 'java/lang/invoke/LambdaForm$MH+0x0000000800d98400'
Event: 385.614 Thread 0x00007f1ef00a1640 Unloading class 0x000000080123c000 'jdk/internal/reflect/GeneratedConstructorAccessor46'

Classes redefined (0 events):
No events

Internal exceptions (20 events):
Event: 929.866 Thread 0x00007f1e844c4e60 Exception <a 'java/lang/OutOfMemoryError'{0x00000000e001f5c8}> (0x00000000e001f5c8) 
thrown [src/hotspot/share/gc/shared/memAllocator.cpp, line 138]
Event: 929.866 Thread 0x00007f1e844c4e60 Implicit null exception at 0x00007f1edf160eae to 0x00007f1edf16142a
Event: 977.129 Thread 0x00007f1e844c4e60 Exception <a 'java/lang/OutOfMemoryError'{0x00000000e001f028}> (0x00000000e001f028) 
thrown [src/hotspot/share/gc/shared/memAllocator.cpp, line 138]
Event: 982.014 Thread 0x00007f1e50000ff0 Exception <a 'java/lang/OutOfMemoryError'{0x00000000e001f348}> (0x00000000e001f348) 
thrown [src/hotspot/share/gc/shared/memAllocator.cpp, line 136]
Event: 982.014 Thread 0x00007f1e844c4e60 Implicit null exception at 0x00007f1edf160e73 to 0x00007f1edf16140e
Event: 1024.689 Thread 0x00007f1e50000ff0 Exception <a 'java/lang/OutOfMemoryError'{0x00000000e001ea88}> (0x00000000e001ea88) 
thrown [src/hotspot/share/gc/shared/memAllocator.cpp, line 138]
Event: 1024.689 Thread 0x00007f1e50000ff0 Implicit null exception at 0x00007f1edf1fc73f to 0x00007f1edf1fc8fb
Event: 1033.894 Thread 0x00007f1e50000ff0 Exception <a 'java/lang/OutOfMemoryError'{0x00000000e001ea88}> (0x00000000e001ea88) 
thrown [src/hotspot/share/gc/shared/memAllocator.cpp, line 138]
Event: 1033.894 Thread 0x00007f1e50000ff0 Implicit null exception at 0x00007f1edf1fb6ec to 0x00007f1edf1fb956
Event: 1038.415 Thread 0x00007f1e50000ff0 Exception <a 'java/lang/OutOfMemoryError'{0x00000000e001ea88}> (0x00000000e001ea88) 
thrown [src/hotspot/share/gc/shared/memAllocator.cpp, line 138]
Event: 1038.415 Thread 0x00007f1e50000ff0 Implicit null exception at 0x00007f1edef9a1c8 to 0x00007f1edef9a276
Event: 1043.071 Thread 0x00007f1e50000ff0 Exception <a 'java/lang/OutOfMemoryError'{0x00000000e001eda8}> (0x00000000e001eda8) 
thrown [src/hotspot/share/gc/shared/memAllocator.cpp, line 136]
Event: 1050.614 Thread 0x00007f1e740010d0 Exception <a 'java/lang/OutOfMemoryError'{0x00000000e001ea88}> (0x00000000e001ea88) 
thrown [src/hotspot/share/gc/shared/memAllocator.cpp, line 138]
Event: 1050.614 Thread 0x00007f1e740010d0 Implicit null exception at 0x00007f1edf1c3f4d to 0x00007f1edf1c409a
Event: 1084.096 Thread 0x00007f1e844c4e60 Exception <a 'java/lang/OutOfMemoryError'{0x00000000e001ea88}> (0x00000000e001ea88) 
thrown [src/hotspot/share/gc/shared/memAllocator.cpp, line 138]
Event: 1084.096 Thread 0x00007f1e844c4e60 Implicit null exception at 0x00007f1edf1df8ed to 0x00007f1edf1df979
Event: 1089.179 Thread 0x00007f1e50000ff0 Exception <a 'java/lang/OutOfMemoryError'{0x00000000e001eda8}> (0x00000000e001eda8) 
thrown [src/hotspot/share/gc/shared/memAllocator.cpp, line 136]
Event: 1120.486 Thread 0x00007f1ef00b1c40 Exception <a 'java/lang/OutOfMemoryError'{0x00000000e001ea88}> (0x00000000e001ea88) 
thrown [src/hotspot/share/gc/shared/memAllocator.cpp, line 138]
Event: 1120.486 Thread 0x00007f1ef00b1c40 Implicit null exception at 0x00007f1edf044ad1 to 0x00007f1edf044b00
Event: 1125.401 Thread 0x00007f1ef00b1c40 Exception <a 'java/lang/OutOfMemoryError'{0x00000000e001eda8}> (0x00000000e001eda8) 
thrown [src/hotspot/share/gc/shared/memAllocator.cpp, line 136]

VM Operations (20 events):
Event: 1096.368 Executing VM operation: ParallelGCFailedAllocation
Event: 1098.687 Executing VM operation: ParallelGCFailedAllocation done
Event: 1098.688 Executing VM operation: ParallelGCFailedAllocation
Event: 1100.996 Executing VM operation: ParallelGCFailedAllocation done
Event: 1100.996 Executing VM operation: ParallelGCFailedAllocation
Event: 1103.592 Executing VM operation: ParallelGCFailedAllocation done
Event: 1103.593 Executing VM operation: ParallelGCFailedAllocation
Event: 1106.173 Executing VM operation: ParallelGCFailedAllocation done
Event: 1106.177 Executing VM operation: ParallelGCFailedAllocation
Event: 1108.782 Executing VM operation: ParallelGCFailedAllocation done
Event: 1108.782 Executing VM operation: ParallelGCFailedAllocation
Event: 1111.113 Executing VM operation: ParallelGCFailedAllocation done
Event: 1111.113 Executing VM operation: ParallelGCFailedAllocation
Event: 1113.411 Executing VM operation: ParallelGCFailedAllocation done
Event: 1113.411 Executing VM operation: ParallelGCFailedAllocation
Event: 1115.701 Executing VM operation: ParallelGCFailedAllocation done
Event: 1115.704 Executing VM operation: ParallelGCFailedAllocation
Event: 1120.486 Executing VM operation: ParallelGCFailedAllocation done
Event: 1120.486 Executing VM operation: ParallelGCFailedAllocation
Event: 1125.400 Executing VM operation: ParallelGCFailedAllocation done

Events (20 events):
Event: 192.570 Thread 0x00007f1e581202f0 Thread exited: 0x00007f1e581202f0
Event: 192.592 Thread 0x00007f1e581202f0 Thread added: 0x00007f1e581202f0
Event: 192.593 Protecting memory [0x00007f1e9a500000,0x00007f1e9a504000] with protection modes 0
Event: 198.311 Thread 0x00007f1e581202f0 Thread exited: 0x00007f1e581202f0
Event: 198.395 Thread 0x00007f1e740072a0 Thread exited: 0x00007f1e740072a0
Event: 201.444 Thread 0x00007f1e5c000ff0 Thread exited: 0x00007f1e5c000ff0
Event: 232.537 Thread 0x00007f1e68037360 Thread added: 0x00007f1e68037360
Event: 232.537 Protecting memory [0x00007f1e9af00000,0x00007f1e9af04000] with protection modes 0
Event: 324.104 Thread 0x00007f1e740072a0 Thread added: 0x00007f1e740072a0
Event: 324.109 Protecting memory [0x00007f1e9b300000,0x00007f1e9b304000] with protection modes 0
Event: 447.888 loading class java/io/InterruptedIOException
Event: 486.610 loading class java/io/InterruptedIOException done
Event: 486.610 loading class javax/net/ssl/SSLException
Event: 486.610 loading class javax/net/ssl/SSLException done
Event: 489.367 loading class java/lang/AssertionError
Event: 489.367 loading class java/lang/AssertionError done
Event: 498.684 Thread 0x00007f1e5c4187a0 Thread exited: 0x00007f1e5c4187a0
Event: 498.684 Thread 0x00007f1e54005710 Thread exited: 0x00007f1e54005710
Event: 506.375 Thread 0x00007f1e5c4191e0 Thread exited: 0x00007f1e5c4191e0
Event: 1055.681 Thread 0x00007f1e68037360 Thread exited: 0x00007f1e68037360


Dynamic libraries:
e0000000-f2400000 rw-p 00000000 00:00 0 
f2400000-f9400000 rw-p 00000000 00:00 0 
f9400000-100000000 ---p 00000000 00:00 0 
800000000-800449000 rw-p 00001000 00:f0c 4611686019135357769             /nix/store/gpxl5qgg8kicmcvivwmybwjlpf7wh20l-graalvm17-ce-22.3.0/lib/server/classes.jsa
800449000-800bc8000 r--p 0044a000 00:f0c 4611686019135357769             /nix/store/gpxl5qgg8kicmcvivwmybwjlpf7wh20l-graalvm17-ce-22.3.0/lib/server/classes.jsa
800bc8000-800c00000 ---p 00000000 00:00 0 
800c00000-800c10000 rw-p 00000000 00:00 0 
800c10000-800c30000 rw-p 00000000 00:00 0 
800c30000-800cb0000 rw-p 00000000 00:00 0 
800cb0000-800cf0000 rw-p 00000000 00:00 0 
800cf0000-800db0000 rw-p 00000000 00:00 0 
800db0000-800df0000 rw-p 00000000 00:00 0 
800df0000-800f30000 rw-p 00000000 00:00 0 
800f30000-800fb0000 rw-p 00000000 00:00 0 
800fb0000-800ff0000 rw-p 00000000 00:00 0 
800ff0000-801280000 rw-p 00000000 00:00 0 
801280000-840c00000 ---p 00000000 00:00 0 
561975dd4000-561975dd5000 r-xp 00000000 00:f0c 4611686019099417844       /nix/store/gpxl5qgg8kicmcvivwmybwjlpf7wh20l-graalvm17-ce-22.3.0/bin/.java-wrapped
561975dd6000-561975dd7000 r--p 00001000 00:f0c 4611686019099417844       /nix/store/gpxl5qgg8kicmcvivwmybwjlpf7wh20l-graalvm17-ce-22.3.0/bin/.java-wrapped
561975dd7000-561975dd8000 rw-p 00002000 00:f0c 4611686019099417844       /nix/store/gpxl5qgg8kicmcvivwmybwjlpf7wh20l-graalvm17-ce-22.3.0/bin/.java-wrapped
561975dd8000-561975dd9000 rw-p 00004000 00:f0c 4611686019099417844       /nix/store/gpxl5qgg8kicmcvivwmybwjlpf7wh20l-graalvm17-ce-22.3.0/bin/.java-wrapped
561975dd9000-561975dda000 rw-p 00005000 00:f0c 4611686019099417844       /nix/store/gpxl5qgg8kicmcvivwmybwjlpf7wh20l-graalvm17-ce-22.3.0/bin/.java-wrapped
561975e17000-561975e5f000 rw-p 00000000 00:00 0                          [heap]
7f1e20000000-7f1e20021000 rw-p 00000000 00:00 0 
7f1e20021000-7f1e24000000 ---p 00000000 00:00 0 
7f1e28000000-7f1e28093000 rw-p 00000000 00:00 0 
7f1e28093000-7f1e2c000000 ---p 00000000 00:00 0 
7f1e2c000000-7f1e2c064000 rw-p 00000000 00:00 0 
7f1e2c064000-7f1e30000000 ---p 00000000 00:00 0 
7f1e30000000-7f1e30021000 rw-p 00000000 00:00 0 
7f1e30021000-7f1e34000000 ---p 00000000 00:00 0 
7f1e34000000-7f1e34022000 rw-p 00000000 00:00 0 
7f1e34022000-7f1e38000000 ---p 00000000 00:00 0 
7f1e38000000-7f1e38021000 rw-p 00000000 00:00 0 
7f1e38021000-7f1e3c000000 ---p 00000000 00:00 0 
7f1e3dc00000-7f1e3dc50000 rw-p 00000000 00:00 0 
7f1e3dc50000-7f1e3dd60000 rw-p 00000000 00:00 0 
7f1e3dd60000-7f1e3e400000 ---p 00000000 00:00 0 
7f1e3e4b3000-7f1e48000000 r--s 00000000 00:f0c 4611686019135192581       /nix/store/gpxl5qgg8kicmcvivwmybwjlpf7wh20l-graalvm17-ce-22.3.0/lib/modules
7f1e48000000-7f1e48021000 rw-p 00000000 00:00 0 
7f1e48021000-7f1e4c000000 ---p 00000000 00:00 0 
7f1e4c000000-7f1e4c021000 rw-p 00000000 00:00 0 
7f1e4c021000-7f1e50000000 ---p 00000000 00:00 0 
7f1e50000000-7f1e5003d000 rw-p 00000000 00:00 0 
7f1e5003d000-7f1e54000000 ---p 00000000 00:00 0 
7f1e54000000-7f1e54021000 rw-p 00000000 00:00 0 
7f1e54021000-7f1e58000000 ---p 00000000 00:00 0 
7f1e58000000-7f1e58197000 rw-p 00000000 00:00 0 
7f1e58197000-7f1e5c000000 ---p 00000000 00:00 0 
7f1e5c000000-7f1e5c4c8000 rw-p 00000000 00:00 0 
7f1e5c4c8000-7f1e60000000 ---p 00000000 00:00 0 
7f1e60000000-7f1e60021000 rw-p 00000000 00:00 0 
7f1e60021000-7f1e64000000 ---p 00000000 00:00 0 
7f1e64000000-7f1e64117000 rw-p 00000000 00:00 0 
7f1e64117000-7f1e68000000 ---p 00000000 00:00 0 
7f1e68000000-7f1e68091000 rw-p 00000000 00:00 0 
7f1e68091000-7f1e6c000000 ---p 00000000 00:00 0 
7f1e6c000000-7f1e6c06e000 rw-p 00000000 00:00 0 
7f1e6c06e000-7f1e70000000 ---p 00000000 00:00 0 
7f1e70000000-7f1e70021000 rw-p 00000000 00:00 0 
7f1e70021000-7f1e74000000 ---p 00000000 00:00 0 
7f1e74000000-7f1e7440a000 rw-p 00000000 00:00 0 
7f1e7440a000-7f1e78000000 ---p 00000000 00:00 0 
7f1e78000000-7f1e78021000 rw-p 00000000 00:00 0 
7f1e78021000-7f1e7c000000 ---p 00000000 00:00 0 
7f1e7c000000-7f1e7c021000 rw-p 00000000 00:00 0 
7f1e7c021000-7f1e80000000 ---p 00000000 00:00 0 
7f1e80400000-7f1e808f0000 rw-p 00000000 00:00 0 
7f1e808f0000-7f1e80960000 rw-p 00000000 00:00 0 
7f1e80960000-7f1e80a00000 ---p 00000000 00:00 0 
7f1e80a00000-7f1e80bf0000 rw-p 00000000 00:00 0 
7f1e80bf0000-7f1e80c00000 rw-p 00000000 00:00 0 
7f1e81400000-7f1e81910000 rw-p 00000000 00:00 0 
7f1e81910000-7f1e81bf0000 rw-p 00000000 00:00 0 
7f1e81bf0000-7f1e81c00000 rw-p 00000000 00:00 0 
7f1e82000000-7f1e82170000 rw-p 00000000 00:00 0 
7f1e82170000-7f1e821f0000 rw-p 00000000 00:00 0 
7f1e821f0000-7f1e824f0000 rw-p 00000000 00:00 0 
7f1e824f0000-7f1e825f0000 rw-p 00000000 00:00 0 
7f1e825f0000-7f1e827f0000 rw-p 00000000 00:00 0 
7f1e827f0000-7f1e828f0000 rw-p 00000000 00:00 0 
7f1e828f0000-7f1e82970000 rw-p 00000000 00:00 0 
7f1e82970000-7f1e82ab0000 rw-p 00000000 00:00 0 
7f1e82ab0000-7f1e82af0000 rw-p 00000000 00:00 0 
7f1e82af0000-7f1e82cf0000 rw-p 00000000 00:00 0 
7f1e82cf0000-7f1e82df0000 rw-p 00000000 00:00 0 
7f1e82df0000-7f1e82ff0000 rw-p 00000000 00:00 0 
7f1e82ff0000-7f1e830f0000 rw-p 00000000 00:00 0 
7f1e830f0000-7f1e831f0000 rw-p 00000000 00:00 0 
7f1e831f0000-7f1e837b0000 rw-p 00000000 00:00 0 
7f1e837b0000-7f1e837f0000 rw-p 00000000 00:00 0 
7f1e837f0000-7f1e838f0000 rw-p 00000000 00:00 0 
7f1e838f0000-7f1e839f0000 rw-p 00000000 00:00 0 
7f1e839f0000-7f1e83cf0000 rw-p 00000000 00:00 0 
7f1e83cf0000-7f1e83df0000 rw-p 00000000 00:00 0 
7f1e83df0000-7f1e84000000 rw-p 00000000 00:00 0 
7f1e84000000-7f1e848fa000 rw-p 00000000 00:00 0 
7f1e848fa000-7f1e88000000 ---p 00000000 00:00 0 
7f1e88000000-7f1e88025000 rw-p 00000000 00:00 0 
7f1e88025000-7f1e8c000000 ---p 00000000 00:00 0 
7f1e8c000000-7f1e8c021000 rw-p 00000000 00:00 0 
7f1e8c021000-7f1e90000000 ---p 00000000 00:00 0 
7f1e90000000-7f1e90021000 rw-p 00000000 00:00 0 
7f1e90021000-7f1e94000000 ---p 00000000 00:00 0 
7f1e94000000-7f1e9420d000 rw-p 00000000 00:00 0 
7f1e9420d000-7f1e98000000 ---p 00000000 00:00 0 
7f1e98200000-7f1e98210000 r-xp 00000000 00:ec6 362                       /home/runner/.cache/jdt-language-server/config/org.eclipse.equinox.launcher/org.eclipse.equinox.launcher.gtk.linux.x86_64_1.2.400.v20211117-0650/eclipse_11600.so
7f1e98210000-7f1e9840f000 ---p 00010000 00:ec6 362                       /home/runner/.cache/jdt-language-server/config/org.eclipse.equinox.launcher/org.eclipse.equinox.launcher.gtk.linux.x86_64_1.2.400.v20211117-0650/eclipse_11600.so
7f1e9840f000-7f1e98410000 r--p 0000f000 00:ec6 362                       /home/runner/.cache/jdt-language-server/config/org.eclipse.equinox.launcher/org.eclipse.equinox.launcher.gtk.linux.x86_64_1.2.400.v20211117-0650/eclipse_11600.so
7f1e98410000-7f1e98411000 rw-p 00010000 00:ec6 362                       /home/runner/.cache/jdt-language-server/config/org.eclipse.equinox.launcher/org.eclipse.equinox.launcher.gtk.linux.x86_64_1.2.400.v20211117-0650/eclipse_11600.so
7f1e99300000-7f1e99400000 ---p 00000000 00:00 0 
7f1e99400000-7f1e999af000 r--p 01122000 00:f0c 4611686019135190040       /nix/store/gpxl5qgg8kicmcvivwmybwjlpf7wh20l-graalvm17-ce-22.3.0/lib/libjvmcicompiler.so
7f1e999af000-7f1e99b00000 r--p 00000000 00:00 0 
7f1e99b00000-7f1e99b3d000 rw-p 00000000 00:00 0 
7f1e99b3d000-7f1e9a05d000 rw-p 0185f000 00:f0c 4611686019135190040       /nix/store/gpxl5qgg8kicmcvivwmybwjlpf7wh20l-graalvm17-ce-22.3.0/lib/libjvmcicompiler.so
7f1e9a05d000-7f1e9a444000 r--p 01d7f000 00:f0c 4611686019135190040       /nix/store/gpxl5qgg8kicmcvivwmybwjlpf7wh20l-graalvm17-ce-22.3.0/lib/libjvmcicompiler.so
7f1e9a500000-7f1e9a504000 ---p 00000000 00:00 0 
7f1e9a504000-7f1e9a600000 rw-p 00000000 00:00 0 
7f1e9a700000-7f1e9a704000 ---p 00000000 00:00 0 
7f1e9a704000-7f1e9a800000 rw-p 00000000 00:00 0 
7f1e9a900000-7f1e9a904000 ---p 00000000 00:00 0 
7f1e9a904000-7f1e9aa00000 rw-p 00000000 00:00 0 
7f1e9ab00000-7f1e9ab04000 ---p 00000000 00:00 0 
7f1e9ab04000-7f1e9ac00000 rw-p 00000000 00:00 0 
7f1e9ac00000-7f1e9ac04000 ---p 00000000 00:00 0 
7f1e9ac04000-7f1e9ad00000 rw-p 00000000 00:00 0 
7f1e9ad00000-7f1e9ad04000 ---p 00000000 00:00 0 
7f1e9ad04000-7f1e9ae00000 rw-p 00000000 00:00 0 
7f1e9af00000-7f1e9af04000 ---p 00000000 00:00 0 
7f1e9af04000-7f1e9b000000 rw-p 00000000 00:00 0 
7f1e9b000000-7f1e9b004000 ---p 00000000 00:00 0 
7f1e9b004000-7f1e9b100000 rw-p 00000000 00:00 0 
7f1e9b100000-7f1e9b104000 ---p 00000000 00:00 0 
7f1e9b104000-7f1e9b200000 rw-p 00000000 00:00 0 
7f1e9b300000-7f1e9b304000 ---p 00000000 00:00 0 
7f1e9b304000-7f1e9b400000 rw-p 00000000 00:00 0 
7f1e9b400000-7f1e9b404000 ---p 00000000 00:00 0 
7f1e9b404000-7f1e9b500000 rw-p 00000000 00:00 0 
7f1e9b500000-7f1e9b504000 ---p 00000000 00:00 0 
7f1e9b504000-7f1e9b600000 rw-p 00000000 00:00 0 
7f1e9b700000-7f1e9b704000 ---p 00000000 00:00 0 
7f1e9b704000-7f1e9b800000 rw-p 00000000 00:00 0 
7f1e9b800000-7f1e9b804000 ---p 00000000 00:00 0 
7f1e9b804000-7f1e9b900000 rw-p 00000000 00:00 0 
7f1e9b900000-7f1e9b904000 ---p 00000000 00:00 0 
7f1e9b904000-7f1e9ba00000 rw-p 00000000 00:00 0 
7f1e9bb00000-7f1e9bb04000 ---p 00000000 00:00 0 
7f1e9bb04000-7f1e9bc00000 rw-p 00000000 00:00 0 
7f1e9bd00000-7f1e9bd04000 ---p 00000000 00:00 0 
7f1e9bd04000-7f1e9be00000 rw-p 00000000 00:00 0 
7f1e9bf00000-7f1e9bf04000 ---p 00000000 00:00 0 
7f1e9bf04000-7f1e9c000000 rw-p 00000000 00:00 0 
7f1e9c000000-7f1e9c004000 ---p 00000000 00:00 0 
7f1e9c004000-7f1e9c100000 rw-p 00000000 00:00 0 
7f1e9c100000-7f1e9c104000 ---p 00000000 00:00 0 
7f1e9c104000-7f1e9c200000 rw-p 00000000 00:00 0 
7f1e9c300000-7f1e9c304000 ---p 00000000 00:00 0 
7f1e9c304000-7f1e9c400000 rw-p 00000000 00:00 0 
7f1e9c400000-7f1e9c404000 ---p 00000000 00:00 0 
7f1e9c404000-7f1e9c500000 rw-p 00000000 00:00 0 
7f1e9c500000-7f1e9c504000 ---p 00000000 00:00 0 
7f1e9c504000-7f1e9c600000 rw-p 00000000 00:00 0 
7f1e9c700000-7f1e9c704000 ---p 00000000 00:00 0 
7f1e9c704000-7f1e9c800000 rw-p 00000000 00:00 0 
7f1e9c900000-7f1e9c904000 ---p 00000000 00:00 0 
7f1e9c904000-7f1e9ca00000 rw-p 00000000 00:00 0 
7f1e9d668000-7f1e9db00000 rw-p 00000000 00:00 0 
7f1e9dc00000-7f1e9fd6a000 r-xp 00000000 00:f0c 4611686019135190040       /nix/store/gpxl5qgg8kicmcvivwmybwjlpf7wh20l-graalvm17-ce-22.3.0/lib/libjvmcicompiler.so
7f1e9fd6a000-7f1e9ff69000 ---p 0216a000 00:f0c 4611686019135190040       /nix/store/gpxl5qgg8kicmcvivwmybwjlpf7wh20l-graalvm17-ce-22.3.0/lib/libjvmcicompiler.so
7f1e9ff69000-7f1e9ff6a000 r--p 02169000 00:f0c 4611686019135190040       /nix/store/gpxl5qgg8kicmcvivwmybwjlpf7wh20l-graalvm17-ce-22.3.0/lib/libjvmcicompiler.so
7f1e9ff6a000-7f1e9ff6c000 rw-p 0216a000 00:f0c 4611686019135190040       /nix/store/gpxl5qgg8kicmcvivwmybwjlpf7wh20l-graalvm17-ce-22.3.0/lib/libjvmcicompiler.so
7f1e9ff6c000-7f1e9ff6d000 rw-p 00000000 00:00 0 
7f1e9ff6d000-7f1e9ff72000 rw-p 023c3000 00:f0c 4611686019135190040       /nix/store/gpxl5qgg8kicmcvivwmybwjlpf7wh20l-graalvm17-ce-22.3.0/lib/libjvmcicompiler.so
7f1ea0000000-7f1ea0021000 rw-p 00000000 00:00 0 
7f1ea0021000-7f1ea4000000 ---p 00000000 00:00 0 
7f1ea4000000-7f1ea4021000 rw-p 00000000 00:00 0 
7f1ea4021000-7f1ea8000000 ---p 00000000 00:00 0 
7f1ea8000000-7f1ea8021000 rw-p 00000000 00:00 0 
7f1ea8021000-7f1eac000000 ---p 00000000 00:00 0 
7f1eac000000-7f1eac021000 rw-p 00000000 00:00 0 
7f1eac021000-7f1eb0000000 ---p 00000000 00:00 0 
7f1eb0000000-7f1eb00df000 rw-p 00000000 00:00 0 
7f1eb00df000-7f1eb4000000 ---p 00000000 00:00 0 
7f1eb4000000-7f1eb4b85000 rw-p 00000000 00:00 0 
7f1eb4b85000-7f1eb8000000 ---p 00000000 00:00 0 
7f1eb8000000-7f1eb8021000 rw-p 00000000 00:00 0 
7f1eb8021000-7f1ebc000000 ---p 00000000 00:00 0 
7f1ebc000000-7f1ebc021000 rw-p 00000000 00:00 0 
7f1ebc021000-7f1ec0000000 ---p 00000000 00:00 0 
7f1ec0000000-7f1ec0021000 rw-p 00000000 00:00 0 
7f1ec0021000-7f1ec4000000 ---p 00000000 00:00 0 
7f1ec4000000-7f1ec4021000 rw-p 00000000 00:00 0 
7f1ec4021000-7f1ec8000000 ---p 00000000 00:00 0 
7f1ec8000000-7f1ec8021000 rw-p 00000000 00:00 0 
7f1ec8021000-7f1ecc000000 ---p 00000000 00:00 0 
7f1ecc000000-7f1ecc021000 rw-p 00000000 00:00 0 
7f1ecc021000-7f1ed0000000 ---p 00000000 00:00 0 
7f1ed0000000-7f1ed0076000 rw-p 00000000 00:00 0 
7f1ed0076000-7f1ed4000000 ---p 00000000 00:00 0 
7f1ed40f6000-7f1ed40fa000 ---p 00000000 00:00 0 
7f1ed40fa000-7f1ed4118000 rw-p 00000000 00:00 0 
7f1ed4118000-7f1ed4119000 ---p 00000000 00:00 0 
7f1ed4119000-7f1ed421a000 rw-p 00000000 00:00 0 
7f1ed421a000-7f1ed421e000 ---p 00000000 00:00 0 
7f1ed421e000-7f1ed431a000 rw-p 00000000 00:00 0 
7f1ed431a000-7f1ed431e000 ---p 00000000 00:00 0 
7f1ed431e000-7f1ed441a000 rw-p 00000000 00:00 0 
7f1ed441a000-7f1ed441e000 ---p 00000000 00:00 0 
7f1ed441e000-7f1ed451a000 rw-p 00000000 00:00 0 
7f1ed451a000-7f1ed451e000 ---p 00000000 00:00 0 
7f1ed451e000-7f1ed471a000 rw-p 00000000 00:00 0 
7f1ed471a000-7f1ed471e000 ---p 00000000 00:00 0 
7f1ed471e000-7f1ed491a000 rw-p 00000000 00:00 0 
7f1ed491a000-7f1ed491e000 ---p 00000000 00:00 0 
7f1ed491e000-7f1ed4a1a000 rw-p 00000000 00:00 0 
7f1ed4a1a000-7f1ed4a1e000 ---p 00000000 00:00 0 
7f1ed4a1e000-7f1ed4b1a000 rw-p 00000000 00:00 0 
7f1ed4b1a000-7f1ed4b1e000 ---p 00000000 00:00 0 
7f1ed4b1e000-7f1ed4c1a000 rw-p 00000000 00:00 0 
7f1ed4c1a000-7f1ed4f00000 r--p 00000000 00:b9c 28444448                  /usr/lib/locale/locale-archive
7f1ed4f00000-7f1ed4f04000 ---p 00000000 00:00 0 
7f1ed4f04000-7f1ed53f0000 rw-p 00000000 00:00 0 
7f1ed53f0000-7f1ed56f0000 rw-p 00000000 00:00 0 
7f1ed56f0000-7f1ed5800000 rw-p 00000000 00:00 0 
7f1ed581d000-7f1ed5832000 r-xp 00000000 00:f0c 4611686019135192570       /nix/store/gpxl5qgg8kicmcvivwmybwjlpf7wh20l-graalvm17-ce-22.3.0/lib/libnet.so
7f1ed5832000-7f1ed5833000 ---p 00015000 00:f0c 4611686019135192570       /nix/store/gpxl5qgg8kicmcvivwmybwjlpf7wh20l-graalvm17-ce-22.3.0/lib/libnet.so
7f1ed5833000-7f1ed5834000 r--p 00015000 00:f0c 4611686019135192570       /nix/store/gpxl5qgg8kicmcvivwmybwjlpf7wh20l-graalvm17-ce-22.3.0/lib/libnet.so
7f1ed5834000-7f1ed5835000 rw-p 00016000 00:f0c 4611686019135192570       /nix/store/gpxl5qgg8kicmcvivwmybwjlpf7wh20l-graalvm17-ce-22.3.0/lib/libnet.so
7f1ed5835000-7f1ed5838000 rw-p 0001b000 00:f0c 4611686019135192570       /nix/store/gpxl5qgg8kicmcvivwmybwjlpf7wh20l-graalvm17-ce-22.3.0/lib/libnet.so
7f1ed5838000-7f1ed584b000 r-xp 00000000 00:f0c 4611686019135192571       /nix/store/gpxl5qgg8kicmcvivwmybwjlpf7wh20l-graalvm17-ce-22.3.0/lib/libnio.so
7f1ed584b000-7f1ed584c000 r--p 00012000 00:f0c 4611686019135192571       /nix/store/gpxl5qgg8kicmcvivwmybwjlpf7wh20l-graalvm17-ce-22.3.0/lib/libnio.so
7f1ed584c000-7f1ed584d000 rw-p 00013000 00:f0c 4611686019135192571       /nix/store/gpxl5qgg8kicmcvivwmybwjlpf7wh20l-graalvm17-ce-22.3.0/lib/libnio.so
7f1ed584d000-7f1ed5852000 rw-p 00019000 00:f0c 4611686019135192571       /nix/store/gpxl5qgg8kicmcvivwmybwjlpf7wh20l-graalvm17-ce-22.3.0/lib/libnio.so
7f1ed5852000-7f1ed5856000 ---p 00000000 00:00 0 
7f1ed5856000-7f1ed5952000 rw-p 00000000 00:00 0 
7f1ed5952000-7f1ed5953000 ---p 00000000 00:00 0 
7f1ed5953000-7f1ed5a54000 rw-p 00000000 00:00 0 
7f1ed5a54000-7f1ed5b22000 r-xp 00000000 00:f0c 4611686019135190036       /nix/store/gpxl5qgg8kicmcvivwmybwjlpf7wh20l-graalvm17-ce-22.3.0/lib/libjsvml.so
7f1ed5b22000-7f1ed5b23000 r--p 000cd000 00:f0c 4611686019135190036       /nix/store/gpxl5qgg8kicmcvivwmybwjlpf7wh20l-graalvm17-ce-22.3.0/lib/libjsvml.so
7f1ed5b23000-7f1ed5b24000 rw-p 000ce000 00:f0c 4611686019135190036       /nix/store/gpxl5qgg8kicmcvivwmybwjlpf7wh20l-graalvm17-ce-22.3.0/lib/libjsvml.so
7f1ed5b24000-7f1ed73b1000 rw-p 00000000 00:00 0 
7f1ed73b1000-7f1ed73b2000 ---p 00000000 00:00 0 
7f1ed73b2000-7f1ed74b3000 rw-p 00000000 00:00 0 
7f1ed74b3000-7f1ed7723000 rwxp 00000000 00:00 0 
7f1ed7723000-7f1ed7a42000 ---p 00000000 00:00 0 
7f1ed7a42000-7f1ed8b92000 rwxp 00000000 00:00 0 
7f1ed8b92000-7f1edef7a000 ---p 00000000 00:00 0 
7f1edef7a000-7f1edf21a000 rwxp 00000000 00:00 0 
7f1edf21a000-7f1ee64b3000 ---p 00000000 00:00 0 
7f1ee64b3000-7f1ef0000000 r--s 00000000 00:f0c 4611686019135192581       /nix/store/gpxl5qgg8kicmcvivwmybwjlpf7wh20l-graalvm17-ce-22.3.0/lib/modules
7f1ef0000000-7f1ef0609000 rw-p 00000000 00:00 0 
7f1ef0609000-7f1ef4000000 ---p 00000000 00:00 0 
7f1ef4007000-7f1ef4009000 r-xp 00000000 00:f0c 4611686019135190017       /nix/store/gpxl5qgg8kicmcvivwmybwjlpf7wh20l-graalvm17-ce-22.3.0/lib/libextnet.so
7f1ef4009000-7f1ef400a000 r--p 00001000 00:f0c 4611686019135190017       /nix/store/gpxl5qgg8kicmcvivwmybwjlpf7wh20l-graalvm17-ce-22.3.0/lib/libextnet.so
7f1ef400a000-7f1ef400b000 rw-p 00002000 00:f0c 4611686019135190017       /nix/store/gpxl5qgg8kicmcvivwmybwjlpf7wh20l-graalvm17-ce-22.3.0/lib/libextnet.so
7f1ef400b000-7f1ef400c000 rw-p 00004000 00:f0c 4611686019135190017       /nix/store/gpxl5qgg8kicmcvivwmybwjlpf7wh20l-graalvm17-ce-22.3.0/lib/libextnet.so
7f1ef400c000-7f1ef4013000 r-xp 00000000 00:f0c 4611686019135192580       /nix/store/gpxl5qgg8kicmcvivwmybwjlpf7wh20l-graalvm17-ce-22.3.0/lib/libzip.so
7f1ef4013000-7f1ef4014000 ---p 00007000 00:f0c 4611686019135192580       /nix/store/gpxl5qgg8kicmcvivwmybwjlpf7wh20l-graalvm17-ce-22.3.0/lib/libzip.so
7f1ef4014000-7f1ef4015000 r--p 00007000 00:f0c 4611686019135192580       /nix/store/gpxl5qgg8kicmcvivwmybwjlpf7wh20l-graalvm17-ce-22.3.0/lib/libzip.so
7f1ef4015000-7f1ef4016000 rw-p 00008000 00:f0c 4611686019135192580       /nix/store/gpxl5qgg8kicmcvivwmybwjlpf7wh20l-graalvm17-ce-22.3.0/lib/libzip.so
7f1ef4016000-7f1ef4018000 rw-p 0000b000 00:f0c 4611686019135192580       /nix/store/gpxl5qgg8kicmcvivwmybwjlpf7wh20l-graalvm17-ce-22.3.0/lib/libzip.so
7f1ef4018000-7f1ef40f5000 rw-p 00000000 00:00 0 
7f1ef40f5000-7f1ef412d000 rw-p 00000000 00:00 0 
7f1ef412d000-7f1ef4163000 ---p 00000000 00:00 0 
7f1ef4163000-7f1ef416a000 rw-p 00000000 00:00 0 
7f1ef416a000-7f1ef424f000 ---p 00000000 00:00 0 
7f1ef424f000-7f1ef4272000 rw-p 00000000 00:00 0 
7f1ef4272000-7f1ef433a000 ---p 00000000 00:00 0 
7f1ef433a000-7f1ef433f000 rw-p 00000000 00:00 0 
7f1ef433f000-7f1ef4346000 ---p 00000000 00:00 0 
7f1ef4346000-7f1ef436a000 r-xp 00000000 00:f0c 4611686019135190028       /nix/store/gpxl5qgg8kicmcvivwmybwjlpf7wh20l-graalvm17-ce-22.3.0/lib/libjava.so
7f1ef436a000-7f1ef436b000 ---p 00024000 00:f0c 4611686019135190028       /nix/store/gpxl5qgg8kicmcvivwmybwjlpf7wh20l-graalvm17-ce-22.3.0/lib/libjava.so
7f1ef436b000-7f1ef436c000 r--p 00024000 00:f0c 4611686019135190028       /nix/store/gpxl5qgg8kicmcvivwmybwjlpf7wh20l-graalvm17-ce-22.3.0/lib/libjava.so
7f1ef436c000-7f1ef436d000 rw-p 00025000 00:f0c 4611686019135190028       /nix/store/gpxl5qgg8kicmcvivwmybwjlpf7wh20l-graalvm17-ce-22.3.0/lib/libjava.so
7f1ef436d000-7f1ef436e000 rw-p 00000000 00:00 0 
7f1ef436e000-7f1ef4375000 rw-p 0002f000 00:f0c 4611686019135190028       /nix/store/gpxl5qgg8kicmcvivwmybwjlpf7wh20l-graalvm17-ce-22.3.0/lib/libjava.so
7f1ef4375000-7f1ef437d000 rw-s 00000000 00:b99 359                       /tmp/hsperfdata_runner/21
7f1ef437d000-7f1ef437e000 ---p 00000000 00:00 0 
7f1ef437e000-7f1ef437f000 r--p 00000000 00:00 0 
7f1ef437f000-7f1ef4380000 rwxp 00000000 00:00 0 
7f1ef4380000-7f1ef439b000 r-xp 00000000 00:f0c 4611686019135190032       /nix/store/gpxl5qgg8kicmcvivwmybwjlpf7wh20l-graalvm17-ce-22.3.0/lib/libjimage.so
7f1ef439b000-7f1ef439c000 ---p 0001b000 00:f0c 4611686019135190032       /nix/store/gpxl5qgg8kicmcvivwmybwjlpf7wh20l-graalvm17-ce-22.3.0/lib/libjimage.so
7f1ef439c000-7f1ef439e000 r--p 0001b000 00:f0c 4611686019135190032       /nix/store/gpxl5qgg8kicmcvivwmybwjlpf7wh20l-graalvm17-ce-22.3.0/lib/libjimage.so
7f1ef439e000-7f1ef439f000 rw-p 0001d000 00:f0c 4611686019135190032       /nix/store/gpxl5qgg8kicmcvivwmybwjlpf7wh20l-graalvm17-ce-22.3.0/lib/libjimage.so
7f1ef439f000-7f1ef43a0000 rw-p 00024000 00:f0c 4611686019135190032       /nix/store/gpxl5qgg8kicmcvivwmybwjlpf7wh20l-graalvm17-ce-22.3.0/lib/libjimage.so
7f1ef43a0000-7f1ef43a4000 ---p 00000000 00:00 0 
7f1ef43a4000-7f1ef44a0000 rw-p 00000000 00:00 0 
7f1ef44a0000-7f1ef44ae000 r--p 00000000 00:f0c 4611686019027979927       /nix/store/4nlgxhb09sdr51nc9hdm8az5b08vzkgx-glibc-2.35-163/lib/libm.so.6
7f1ef44ae000-7f1ef4521000 r-xp 0000e000 00:f0c 4611686019027979927       /nix/store/4nlgxhb09sdr51nc9hdm8az5b08vzkgx-glibc-2.35-163/lib/libm.so.6
7f1ef4521000-7f1ef457e000 r--p 00081000 00:f0c 4611686019027979927       /nix/store/4nlgxhb09sdr51nc9hdm8az5b08vzkgx-glibc-2.35-163/lib/libm.so.6
7f1ef457e000-7f1ef457f000 r--p 000dd000 00:f0c 4611686019027979927       /nix/store/4nlgxhb09sdr51nc9hdm8az5b08vzkgx-glibc-2.35-163/lib/libm.so.6
7f1ef457f000-7f1ef4580000 rw-p 000de000 00:f0c 4611686019027979927       /nix/store/4nlgxhb09sdr51nc9hdm8az5b08vzkgx-glibc-2.35-163/lib/libm.so.6
7f1ef4580000-7f1ef4581000 r--p 00000000 00:f0c 4611686019027979946       /nix/store/4nlgxhb09sdr51nc9hdm8az5b08vzkgx-glibc-2.35-163/lib/librt.so.1
7f1ef4581000-7f1ef4582000 r-xp 00001000 00:f0c 4611686019027979946       /nix/store/4nlgxhb09sdr51nc9hdm8az5b08vzkgx-glibc-2.35-163/lib/librt.so.1
7f1ef4582000-7f1ef4583000 r--p 00002000 00:f0c 4611686019027979946       /nix/store/4nlgxhb09sdr51nc9hdm8az5b08vzkgx-glibc-2.35-163/lib/librt.so.1
7f1ef4583000-7f1ef4584000 r--p 00002000 00:f0c 4611686019027979946       /nix/store/4nlgxhb09sdr51nc9hdm8az5b08vzkgx-glibc-2.35-163/lib/librt.so.1
7f1ef4584000-7f1ef4585000 rw-p 00003000 00:f0c 4611686019027979946       /nix/store/4nlgxhb09sdr51nc9hdm8az5b08vzkgx-glibc-2.35-163/lib/librt.so.1
7f1ef4585000-7f1ef5698000 r-xp 00000000 00:f0c 4611686019135360866       /nix/store/gpxl5qgg8kicmcvivwmybwjlpf7wh20l-graalvm17-ce-22.3.0/lib/server/libjvm.so
7f1ef5698000-7f1ef5699000 ---p 01113000 00:f0c 4611686019135360866       /nix/store/gpxl5qgg8kicmcvivwmybwjlpf7wh20l-graalvm17-ce-22.3.0/lib/server/libjvm.so
7f1ef5699000-7f1ef574e000 r--p 01113000 00:f0c 4611686019135360866       /nix/store/gpxl5qgg8kicmcvivwmybwjlpf7wh20l-graalvm17-ce-22.3.0/lib/server/libjvm.so
7f1ef574e000-7f1ef5782000 rw-p 011c8000 00:f0c 4611686019135360866       /nix/store/gpxl5qgg8kicmcvivwmybwjlpf7wh20l-graalvm17-ce-22.3.0/lib/server/libjvm.so
7f1ef5782000-7f1ef57de000 rw-p 00000000 00:00 0 
7f1ef57de000-7f1ef5806000 r--p 00000000 00:f0c 4611686019027979918       /nix/store/4nlgxhb09sdr51nc9hdm8az5b08vzkgx-glibc-2.35-163/lib/libc.so.6
7f1ef5806000-7f1ef597c000 r-xp 00028000 00:f0c 4611686019027979918       /nix/store/4nlgxhb09sdr51nc9hdm8az5b08vzkgx-glibc-2.35-163/lib/libc.so.6
7f1ef597c000-7f1ef59d4000 r--p 0019e000 00:f0c 4611686019027979918       /nix/store/4nlgxhb09sdr51nc9hdm8az5b08vzkgx-glibc-2.35-163/lib/libc.so.6
7f1ef59d4000-7f1ef59d8000 r--p 001f6000 00:f0c 4611686019027979918       /nix/store/4nlgxhb09sdr51nc9hdm8az5b08vzkgx-glibc-2.35-163/lib/libc.so.6
7f1ef59d8000-7f1ef59da000 rw-p 001fa000 00:f0c 4611686019027979918       /nix/store/4nlgxhb09sdr51nc9hdm8az5b08vzkgx-glibc-2.35-163/lib/libc.so.6
7f1ef59da000-7f1ef59e9000 rw-p 00000000 00:00 0 
7f1ef59e9000-7f1ef59ea000 r--p 00000000 00:f0c 4611686019027979923       /nix/store/4nlgxhb09sdr51nc9hdm8az5b08vzkgx-glibc-2.35-163/lib/libdl.so.2
7f1ef59ea000-7f1ef59eb000 r-xp 00001000 00:f0c 4611686019027979923       /nix/store/4nlgxhb09sdr51nc9hdm8az5b08vzkgx-glibc-2.35-163/lib/libdl.so.2
7f1ef59eb000-7f1ef59ec000 r--p 00002000 00:f0c 4611686019027979923       /nix/store/4nlgxhb09sdr51nc9hdm8az5b08vzkgx-glibc-2.35-163/lib/libdl.so.2
7f1ef59ec000-7f1ef59ed000 r--p 00002000 00:f0c 4611686019027979923       /nix/store/4nlgxhb09sdr51nc9hdm8az5b08vzkgx-glibc-2.35-163/lib/libdl.so.2
7f1ef59ed000-7f1ef59ee000 rw-p 00003000 00:f0c 4611686019027979923       /nix/store/4nlgxhb09sdr51nc9hdm8az5b08vzkgx-glibc-2.35-163/lib/libdl.so.2
7f1ef59ee000-7f1ef59ef000 r--p 00000000 00:f0c 4611686019027979942       /nix/store/4nlgxhb09sdr51nc9hdm8az5b08vzkgx-glibc-2.35-163/lib/libpthread.so.0
7f1ef59ef000-7f1ef59f0000 r-xp 00001000 00:f0c 4611686019027979942       /nix/store/4nlgxhb09sdr51nc9hdm8az5b08vzkgx-glibc-2.35-163/lib/libpthread.so.0
7f1ef59f0000-7f1ef59f1000 r--p 00002000 00:f0c 4611686019027979942       /nix/store/4nlgxhb09sdr51nc9hdm8az5b08vzkgx-glibc-2.35-163/lib/libpthread.so.0
7f1ef59f1000-7f1ef59f2000 r--p 00002000 00:f0c 4611686019027979942       /nix/store/4nlgxhb09sdr51nc9hdm8az5b08vzkgx-glibc-2.35-163/lib/libpthread.so.0
7f1ef59f2000-7f1ef59f3000 rw-p 00003000 00:f0c 4611686019027979942       /nix/store/4nlgxhb09sdr51nc9hdm8az5b08vzkgx-glibc-2.35-163/lib/libpthread.so.0
7f1ef59f3000-7f1ef5a01000 r-xp 00000000 00:f0c 4611686019135190033       /nix/store/gpxl5qgg8kicmcvivwmybwjlpf7wh20l-graalvm17-ce-22.3.0/lib/libjli.so
7f1ef5a01000-7f1ef5a02000 ---p 0000e000 00:f0c 4611686019135190033       /nix/store/gpxl5qgg8kicmcvivwmybwjlpf7wh20l-graalvm17-ce-22.3.0/lib/libjli.so
7f1ef5a02000-7f1ef5a03000 r--p 0000e000 00:f0c 4611686019135190033       /nix/store/gpxl5qgg8kicmcvivwmybwjlpf7wh20l-graalvm17-ce-22.3.0/lib/libjli.so
7f1ef5a03000-7f1ef5a04000 rw-p 0000f000 00:f0c 4611686019135190033       /nix/store/gpxl5qgg8kicmcvivwmybwjlpf7wh20l-graalvm17-ce-22.3.0/lib/libjli.so
7f1ef5a04000-7f1ef5a05000 rw-p 00012000 00:f0c 4611686019135190033       /nix/store/gpxl5qgg8kicmcvivwmybwjlpf7wh20l-graalvm17-ce-22.3.0/lib/libjli.so
7f1ef5a05000-7f1ef5a08000 r--p 00000000 00:f0c 4611686019106210071       /nix/store/026hln0aq1hyshaxsdvhg0kmcm6yf45r-zlib-1.2.13/lib/libz.so.1.2.13
7f1ef5a08000-7f1ef5a1a000 r-xp 00003000 00:f0c 4611686019106210071       /nix/store/026hln0aq1hyshaxsdvhg0kmcm6yf45r-zlib-1.2.13/lib/libz.so.1.2.13
7f1ef5a1a000-7f1ef5a21000 r--p 00015000 00:f0c 4611686019106210071       /nix/store/026hln0aq1hyshaxsdvhg0kmcm6yf45r-zlib-1.2.13/lib/libz.so.1.2.13
7f1ef5a21000-7f1ef5a22000 r--p 0001b000 00:f0c 4611686019106210071       /nix/store/026hln0aq1hyshaxsdvhg0kmcm6yf45r-zlib-1.2.13/lib/libz.so.1.2.13
7f1ef5a22000-7f1ef5a23000 rw-p 0001c000 00:f0c 4611686019106210071       /nix/store/026hln0aq1hyshaxsdvhg0kmcm6yf45r-zlib-1.2.13/lib/libz.so.1.2.13
7f1ef5a23000-7f1ef5a25000 rw-p 00000000 00:00 0 
7f1ef5a25000-7f1ef5a27000 r--p 00000000 00:f0c 4611686019027979912       /nix/store/4nlgxhb09sdr51nc9hdm8az5b08vzkgx-glibc-2.35-163/lib/ld-linux-x86-64.so.2
7f1ef5a27000-7f1ef5a4e000 r-xp 00002000 00:f0c 4611686019027979912       /nix/store/4nlgxhb09sdr51nc9hdm8az5b08vzkgx-glibc-2.35-163/lib/ld-linux-x86-64.so.2
7f1ef5a4e000-7f1ef5a5a000 r--p 00029000 00:f0c 4611686019027979912       /nix/store/4nlgxhb09sdr51nc9hdm8az5b08vzkgx-glibc-2.35-163/lib/ld-linux-x86-64.so.2
7f1ef5a5a000-7f1ef5a5c000 r--p 00034000 00:f0c 4611686019027979912       /nix/store/4nlgxhb09sdr51nc9hdm8az5b08vzkgx-glibc-2.35-163/lib/ld-linux-x86-64.so.2
7f1ef5a5c000-7f1ef5a5e000 rw-p 00036000 00:f0c 4611686019027979912       /nix/store/4nlgxhb09sdr51nc9hdm8az5b08vzkgx-glibc-2.35-163/lib/ld-linux-x86-64.so.2
7fff040cf000-7fff040f3000 rw-p 00000000 00:00 0                          [stack]
7fff041a6000-7fff041aa000 r--p 00000000 00:00 0                          [vvar]
7fff041aa000-7fff041ac000 r-xp 00000000 00:00 0                          [vdso]
ffffffffff600000-ffffffffff601000 --xp 00000000 00:00 0                  [vsyscall]


VM Arguments:
jvm_args: -XX:ThreadPriorityPolicy=1 -XX:+UnlockExperimentalVMOptions -XX:+EnableJVMCIProduct -XX:JVMCIThreadsPerNativeLibraryRuntime=1 -XX:-UnlockExperimentalVMOptions -Declipse.application=org.eclipse.jdt.ls.core.id1 -Dosgi.bundles.defaultStartLevel=4 -Declipse.product=org.eclipse.jdt.ls.core.product -Dlog.level=ALL -Xverify:none -XX:+UseParallelGC -XX:GCTimeRatio=4 -XX:AdaptiveSizePolicyWeight=90 -Dsun.zip.disableMemoryMapping=true -Xmx512m -Xms100m 
java_command: /nix/store/a7s9klvriqi68xz3qjc0qyfl5h86xc16-jdt-language-server-1.9.0/share/java/plugins/org.eclipse.equinox.launcher_1.6.400.v20210924-0641.jar --add-modules=ALL-SYSTEM --add-opens java.base/java.util=ALL-UNNAMED --add-opens java.base/java.lang=ALL-UNNAMED -configuration /home/runner/.cache/jdt-language-server/config -data /home/runner/.cache/jdt-language-server/data/home/runner/Determinant-Solver
java_class_path (initial): /nix/store/a7s9klvriqi68xz3qjc0qyfl5h86xc16-jdt-language-server-1.9.0/share/java/plugins/org.eclipse.equinox.launcher_1.6.400.v20210924-0641.jar
Launcher Type: SUN_STANDARD

[Global flags]
    uintx AdaptiveSizePolicyWeight                 = 90                                        {product} {command line}
     intx CICompilerCount                          = 2                                         {product} {ergonomic}
     bool EnableJVMCIProduct                       = true                                {JVMCI product} {jimage}
    uintx GCTimeRatio                              = 4                                         {product} {command line}
   size_t InitialHeapSize                          = 104857600                                 {product} {command line}
     uint JVMCIThreadsPerNativeLibraryRuntime      = 1                                   {JVMCI product} {jimage}
   size_t MaxHeapSize                              = 536870912                                 {product} {command line}
   size_t MaxNewSize                               = 178782208                                 {product} {ergonomic}
   size_t MinHeapDeltaBytes                        = 524288                                    {product} {ergonomic}
   size_t MinHeapSize                              = 104857600                                 {product} {command line}
   size_t NewSize                                  = 34603008                                  {product} {ergonomic}
    uintx NonNMethodCodeHeapSize                   = 5826188                                {pd product} {ergonomic}
    uintx NonProfiledCodeHeapSize                  = 122916026                              {pd product} {ergonomic}
   size_t OldSize                                  = 70254592                                  {product} {ergonomic}
    uintx ProfiledCodeHeapSize                     = 122916026                              {pd product} {ergonomic}
    uintx ReservedCodeCacheSize                    = 251658240                              {pd product} {ergonomic}
     bool SegmentedCodeCache                       = true                                      {product} {ergonomic}
   size_t SoftMaxHeapSize                          = 536870912                              {manageable} {ergonomic}
     intx ThreadPriorityPolicy                     = 1                                         {product} {jimage}
     bool UseCompressedClassPointers               = true                           {product lp64_product} {ergonomic}
     bool UseCompressedOops                        = true                           {product lp64_product} {ergonomic}
     bool UseParallelGC                            = true                                      {product} {command line}

Logging:
Log output configuration:
 #0: stdout all=warning uptime,level,tags
 #1: stderr all=off uptime,level,tags

Environment Variables:
JAVA_HOME=/nix/store/gpxl5qgg8kicmcvivwmybwjlpf7wh20l-graalvm17-ce-22.3.0
PATH=/nix/store/1d6ian3r8kdzspw8hacjhl3xkp40g1lj-binutils-wrapper-2.39/bin:/nix/store/dq0xwmsk1g0i2ayg6pb7y87na2knzylh-gcc-wrapper-11.3.0/bin:/nix/store/bap4d0lpcrhpwmpb8ayjcgkmvfj62lnq-bash-interactive-5.1-p16/bin:/nix/store/pr5n59mb4jzmfx6kanwxly0l07p861fg-patchelf-0.15.0/bin:/nix/store/1gf2flfqnpqbr1b4p4qz2f72y42bs56r-gcc-11.3.0/bin:/nix/store/57xv61c5zi8pphjbcwxxjlgc34p61ic9-glibc-2.35-163-bin/bin:/nix/store/a7gvj343m05j2s32xcnwr35v31ynlypr-coreutils-9.1/bin:/nix/store/039g378vc3pc3dvi9dzdlrd0i4q93qwf-binutils-2.39/bin:/nix/store/gpxl5qgg8kicmcvivwmybwjlpf7wh20l-graalvm17-ce-22.3.0/bin:/nix/store/6z9ag3ihc8mq2hzsw48lhbznvzny65nz-apache-maven-3.8.6/bin:/nix/store/a7s9klvriqi68xz3qjc0qyfl5h86xc16-jdt-language-server-1.9.0/bin:/nix/store/48ifl2w60a3zp7yskbpnvn8jp9jdsb7k-java-debug/bin:/nix/store/mydc6f4k2z73xlcz7ilif3v2lcaiqvza-findutils-4.9.0/bin:/nix/store/j9p3g8472iijd50vhdprx0nmk2fqn5gv-diffutils-3.8/bin:/nix/store/89zs7rms6x00xfq4dq6m7mjnhkr8a6r4-gnused-4.8/bin:/nix/store/86bp03jkmsl6f92w0yzg4s59g5mhxwmy-gnugrep-3.7/bin:/nix/store/hwcdqw4jrjnd37wxqgsd47hd0j8bnj09-gawk-5.1.1/bin:/nix/store/cfbhw8r8ags41vwqaz47r583d0p4h4a1-gnutar-1.34/bin:/nix/store/p3m1ndl1lapwrlh698bnb5lvvxh67378-gzip-1.12/bin:/nix/store/a8mhcagrsly7c7mpjrpsnaahk4aax056-bzip2-1.0.8-bin/bin:/nix/store/mblgz65m3zv9x548a3d5m96fj2pbwr09-gnumake-4.3/bin:/nix/store/dsd5gz46hdbdk2rfdimqddhq6m8m8fqs-bash-5.1-p16/bin:/nix/store/v7ljksji50mg3w61dykaa3n3y79n6nil-patch-2.7.6/bin:/nix/store/zlcnmqq14jz5x9439jf937mvayyl63da-xz-5.2.7-bin/bin:/nix/store/y6aj732zm9m87c82fpvf103a1xb22blp-file-5.43/bin:/nix/store/i4kzir3m7mrisxmf5xvlnkw01x4qaqr4-prybar-elisp-0.0.0-e0d9a52/bin:/nix/store/lwwivxf6h7x3cvxp9zv8sj0mv7dak99r-prybar-lua-0.0.0-e0d9a52/bin:/nix/store/gxj28g1cg4hq3qanmjv07156h800qr58-prybar-python3-0.0.0-e0d9a52/bin:/nix/store/hshkjnxrgidigf8x75vg6lqng2xlx9i3-prybar-sqlite-0.0.0-e0d9a52/bin:/nix/store/c4w01bpjgyy5ixmwdk8m1pw87zq4sl26-prybar-tcl-0.0.0-e0d9a52/bin:/nix/store/hpbvrlwd5viqmvcaisb3x0118i913a9n-st
LD_LIBRARY_PATH=/nix/store/a4pff549sk2idnkpzk5nsfps3mdkdnvm-cups-2.4.2-lib/lib:/nix/store/72mqxxhh3cy5yifh92wh2yb8cl2hikyy-cairo-1.16.0/lib:/nix/store/2k366jrbsra97gjfxwvrhvixjfxdach5-glib-2.74.1/lib:/nix/store/2j2znigd8ak37rlwh9khz0ry3clqlw1l-gtk+3-3.24.34/lib:/nix/store/hisqvx32cd57apbpcsnkpx6k3549wql1-libglvnd-1.4.0/lib:/nix/store/p36pgcv991mq5srvg765b78yqpxvk3qs-mesa-21.3.3-drivers/lib:/nix/store/mav4251if1ahjq5vkpwycyyvnmy459c4-pulseaudio-14.2/lib
DISPLAY=:0
LANG=en_US.UTF-8

Signal Handlers:
   SIGSEGV: crash_handler in libjvm.so, mask=11100100010111111101111111111110, flags=SA_RESTART|SA_SIGINFO
    SIGBUS: crash_handler in libjvm.so, mask=11100100010111111101111111111110, flags=SA_RESTART|SA_SIGINFO
    SIGFPE: crash_handler in libjvm.so, mask=11100100010111111101111111111110, flags=SA_RESTART|SA_SIGINFO
   SIGPIPE: IsolateEnterStub_IgnoreSIGPIPEStartupHook_noopSignalHandler_8f19bff2f35b5f630d83b364d6b2339320d4ec70_216e8361c6bc87a8f89f58cc10d3b2fd4415bf87 in libjvmcicompiler.so, mask=00000000000000000000000000000000, flags=SA_RESTART
  *** Handler was modified!
  *** Expected: javaSignalHandler in libjvm.so, mask=11100100110111111111111111111110, flags=SA_RESTART|SA_SIGINFO
   SIGXFSZ: javaSignalHandler in libjvm.so, mask=11100100010111111101111111111110, flags=SA_RESTART|SA_SIGINFO
    SIGILL: crash_handler in libjvm.so, mask=11100100010111111101111111111110, flags=SA_RESTART|SA_SIGINFO
   SIGUSR2: SR_handler in libjvm.so, mask=00000000000000000000000000000000, flags=SA_RESTART|SA_SIGINFO
    SIGHUP: UserHandler in libjvm.so, mask=11100100010111111101111111111110, flags=SA_RESTART|SA_SIGINFO
    SIGINT: UserHandler in libjvm.so, mask=11100100010111111101111111111110, flags=SA_RESTART|SA_SIGINFO
   SIGTERM: UserHandler in libjvm.so, mask=11100100010111111101111111111110, flags=SA_RESTART|SA_SIGINFO
   SIGQUIT: UserHandler in libjvm.so, mask=11100100010111111101111111111110, flags=SA_RESTART|SA_SIGINFO
  *** Handler was modified!
  *** Expected: javaSignalHandler in libjvm.so, mask=11100100110111111111111111111110, flags=SA_RESTART|SA_SIGINFO
   SIGTRAP: crash_handler in libjvm.so, mask=11100100010111111101111111111110, flags=SA_RESTART|SA_SIGINFO


---------------  S Y S T E M  ---------------

OS:
DISTRIB_ID=Ubuntu
DISTRIB_RELEASE=20.04
DISTRIB_CODENAME=focal
DISTRIB_DESCRIPTION="Ubuntu 20.04.2 LTS"
uname: Linux 6.2.0-1013-gcp #13~22.04.1-Ubuntu SMP Wed Aug 30 20:41:15 UTC 2023 x86_64
OS uptime: 0 days 1:15 hours
libc: glibc 2.35 NPTL 2.35 
rlimit (soft/hard): STACK 8192k/infinity , CORE infinity/infinity , NPROC infinity/infinity , NOFILE 5242/5242 , AS infinity/infinity , CPU infinity/infinity , DATA infinity/infinity , FSIZE infinity/infinity , MEMLOCK 8192k/8192k
load average: 14.43 19.80 18.64

/proc/meminfo:
MemTotal:       65835944 kB
MemFree:        33875404 kB
MemAvailable:   48890200 kB
Buffers:         1425608 kB
Cached:         13434252 kB
SwapCached:            0 kB
Active:          5891408 kB
Inactive:       24368036 kB
Active(anon):       8652 kB
Inactive(anon): 15245840 kB
Active(file):    5882756 kB
Inactive(file):  9122196 kB
Unevictable:       28592 kB
Mlocked:           28592 kB
SwapTotal:             0 kB
SwapFree:              0 kB
Zswap:                 0 kB
Zswapped:              0 kB
Dirty:              5236 kB
Writeback:           112 kB
AnonPages:      14920372 kB
Mapped:          1657424 kB
Shmem:             18164 kB
KReclaimable:     736296 kB
Slab:            1114076 kB
SReclaimable:     736296 kB
SUnreclaim:       377780 kB
KernelStack:      116156 kB
PageTables:       164320 kB
SecPageTables:         0 kB
NFS_Unstable:          0 kB
Bounce:                0 kB
WritebackTmp:          0 kB
CommitLimit:    32917972 kB
Committed_AS:   46267836 kB
VmallocTotal:   34359738367 kB
VmallocUsed:      140208 kB
VmallocChunk:          0 kB
Percpu:            22592 kB
HardwareCorrupted:     0 kB
AnonHugePages:   2838528 kB
ShmemHugePages:        0 kB
ShmemPmdMapped:        0 kB
FileHugePages:         0 kB
FilePmdMapped:         0 kB
HugePages_Total:       0
HugePages_Free:        0
HugePages_Rsvd:        0
HugePages_Surp:        0
Hugepagesize:       2048 kB
Hugetlb:               0 kB
DirectMap4k:      254776 kB
DirectMap2M:     9179136 kB
DirectMap1G:    59768832 kB

/sys/kernel/mm/transparent_hugepage/enabled: always [madvise] never
/sys/kernel/mm/transparent_hugepage/defrag (defrag/compaction efforts parameter): always defer defer+madvise [madvise] never

Process Memory:
Virtual Size: 4931196K (peak: 5012284K)
Resident Set Size: 768632K (peak: 808652K) (anon: 570792K, file: 197840K, shmem: 0K)
Swapped out: 0K
C-Heap outstanding allocations: 44682K, retained: 15561K
glibc malloc tunables: (default)

/proc/sys/kernel/threads-max (system-wide limit on the number of threads): 514277
/proc/sys/vm/max_map_count (maximum number of memory map areas a process may have): 65530
/proc/sys/kernel/pid_max (system-wide limit on number of process identifiers): 4194304

container (cgroup) information:
container_type: cgroupv2
cpu_cpuset_cpus: not supported
cpu_memory_nodes: not supported
active_processor_count: 1
cpu_quota: 50000
cpu_period: 100000
cpu_shares: no shares
memory_limit_in_bytes: 1048576 k
memory_and_swap_limit_in_bytes: unlimited
memory_soft_limit_in_bytes: 524288 k
memory_usage_in_bytes: 629280 k
memory_max_usage_in_bytes: not supported
maximum number of tasks: not supported
current number of tasks: not supported

KVM virtualization detected
Steal ticks since vm start: 4729
Steal ticks percentage since vm start:  0.005

CPU: total 8 (initial active 1) (4 cores per cpu, 2 threads per core) family 6 model 79 stepping 0 microcode 0xffffffff, cx8, cmov, fxsr, ht, mmx, 3dnowpref, sse, sse2, sse3, ssse3, sse4.1, sse4.2, popcnt, lzcnt, tsc, tscinvbit, avx, avx2, aes, erms, clmul, bmi1, bmi2, rtm, adx, fma, vzeroupper, clflush, hv
CPU Model and flags from /proc/cpuinfo:
model name	: Intel(R) Xeon(R) CPU @ 2.20GHz
flags		: fpu vme de pse tsc msr pae mce cx8 apic sep mtrr pge mca cmov pat pse36 clflush mmx fxsr sse sse2 ss ht syscall nx pdpe1gb rdtscp lm constant_tsc rep_good nopl xtopology nonstop_tsc cpuid tsc_known_freq pni pclmulqdq ssse3 fma cx16 pcid sse4_1 sse4_2 x2apic movbe popcnt aes xsave avx f16c rdrand hypervisor lahf_lm abm 3dnowprefetch invpcid_single pti ssbd ibrs ibpb stibp fsgsbase tsc_adjust bmi1 hle avx2 smep bmi2 erms invpcid rtm rdseed adx smap xsaveopt arat md_clear arch_capabilities

Online cpus: 0-7
Offline cpus: 
BIOS frequency limitation: <Not Available>
Frequency switch latency (ns): <Not Available>
Available cpu frequencies: <Not Available>
Current governor: <Not Available>
Core performance/turbo boost: <Not Available>

Memory: 4k page, physical 1048576k(419292k free), swap 0k(0k free)
Page Sizes: 4k

vm_info: OpenJDK 64-Bit Server VM (17.0.5+8-jvmci-22.3-b08) for linux-amd64 JRE (17.0.5+8-jvmci-22.3-b08), built on Oct 19 2022 09:01:27 by "buildslave" with gcc 10.3.0

END.
